

%%    110 ns    Log    ALWAYS    in Default,                               Main Starting Writes.  Loop #0
%%    110 ns    Log    INFO      in manager_1,                             Write Data.  WData: 00000000  WStrb: 1111  Operation# 1
%%    110 ns    Log    INFO      in manager_1,                             Write Address.  AWAddr: 10000000  AWProt: 000  Operation# 1
%%    120 ns    Log    INFO      in manager_1,                             Write Data.  WData: 00000001  WStrb: 1111  Operation# 2
%%    120 ns    Log    INFO      in manager_1,                             Write Address.  AWAddr: 10000004  AWProt: 000  Operation# 2
%%    130 ns    Log    PASSED    in manager_1: WriteResponse Scoreboard,   Received: 0   Item Number: 1
%%    130 ns    Log    INFO      in manager_1,                             Write Data.  WData: 00000002  WStrb: 1111  Operation# 3
%%    130 ns    Log    INFO      in manager_1,                             Write Address.  AWAddr: 10000008  AWProt: 000  Operation# 3
%%    140 ns    Log    PASSED    in manager_1: WriteResponse Scoreboard,   Received: 0   Item Number: 2
%%    140 ns    Log    INFO      in manager_1,                             Write Data.  WData: 00000003  WStrb: 1111  Operation# 4
%%    140 ns    Log    INFO      in manager_1,                             Write Address.  AWAddr: 1000000C  AWProt: 000  Operation# 4
%%    150 ns    Log    PASSED    in manager_1: WriteResponse Scoreboard,   Received: 0   Item Number: 3
%%    155 ns    Log    ALWAYS    in Default,                               IntReq(0) 1    IntReq 00000000000000000000000000000001
%%    160 ns    Log    PASSED    in manager_1: WriteResponse Scoreboard,   Received: 0   Item Number: 4


%%    170 ns    Log    ALWAYS    in Default,                               Interrupt Handler Started
%%    170 ns    Log    INFO      in manager_1,                             Read Address.  ARAddr: 10000000  ARProt: 000  Operation# 1
%%    190 ns    Log    PASSED    in manager_1: ReadResponse Scoreboard,    Received: 0   Item Number: 1
%%    190 ns    Log    PASSED    in manager_1: Data Check,                 Read Data: 00000000  Read Address: 10000000  Prot: 0
%%    190 ns    Log    INFO      in manager_1,                             Read Address.  ARAddr: 10000004  ARProt: 000  Operation# 2
%%    200 ns    Log    ALWAYS    in Default,                               IntReq(0) 0    IntReq 00000000000000000000000000000000
%%    210 ns    Log    PASSED    in manager_1: ReadResponse Scoreboard,    Received: 0   Item Number: 2
%%    210 ns    Log    PASSED    in manager_1: Data Check,                 Read Data: 00000001  Read Address: 10000004  Prot: 0
%%    210 ns    Log    INFO      in manager_1,                             Read Address.  ARAddr: 10000008  ARProt: 000  Operation# 3
%%    230 ns    Log    PASSED    in manager_1: ReadResponse Scoreboard,    Received: 0   Item Number: 3
%%    230 ns    Log    PASSED    in manager_1: Data Check,                 Read Data: 00000002  Read Address: 10000008  Prot: 0
%%    230 ns    Log    INFO      in manager_1,                             Read Address.  ARAddr: 1000000C  ARProt: 000  Operation# 4
%%    250 ns    Log    PASSED    in manager_1: ReadResponse Scoreboard,    Received: 0   Item Number: 4
%%    250 ns    Log    PASSED    in manager_1: Data Check,                 Read Data: 00000003  Read Address: 1000000C  Prot: 0
%%    250 ns    Log    INFO      in manager_1,                             Write Data.  WData: 00000000  WStrb: 1111  Operation# 5
%%    250 ns    Log    INFO      in manager_1,                             Write Address.  AWAddr: A0002000  AWProt: 000  Operation# 5
%%    260 ns    Log    INFO      in manager_1,                             Write Data.  WData: 00000001  WStrb: 1111  Operation# 6
%%    260 ns    Log    INFO      in manager_1,                             Write Address.  AWAddr: A0002004  AWProt: 000  Operation# 6
%%    270 ns    Log    PASSED    in manager_1: WriteResponse Scoreboard,   Received: 0   Item Number: 5
%%    270 ns    Log    INFO      in manager_1,                             Write Data.  WData: 00000002  WStrb: 1111  Operation# 7
%%    270 ns    Log    INFO      in manager_1,                             Write Address.  AWAddr: A0002008  AWProt: 000  Operation# 7
%%    280 ns    Log    PASSED    in manager_1: WriteResponse Scoreboard,   Received: 0   Item Number: 6
%%    280 ns    Log    INFO      in manager_1,                             Write Data.  WData: 00000003  WStrb: 1111  Operation# 8
%%    280 ns    Log    INFO      in manager_1,                             Write Address.  AWAddr: A000200C  AWProt: 000  Operation# 8
%%    290 ns    Log    PASSED    in manager_1: WriteResponse Scoreboard,   Received: 0   Item Number: 7
%%    290 ns    Log    ALWAYS    in Default,                               Interrupt Handler Done


%%    290 ns    Log    INFO      in manager_1,                             Write Data.  WData: 00000004  WStrb: 1111  Operation# 9
%%    290 ns    Log    INFO      in manager_1,                             Write Address.  AWAddr: 10000010  AWProt: 000  Operation# 9
%%    300 ns    Log    PASSED    in manager_1: WriteResponse Scoreboard,   Received: 0   Item Number: 8
%%    300 ns    Log    INFO      in manager_1,                             Read Address.  ARAddr: 10000010  ARProt: 000  Operation# 5
%%    310 ns    Log    PASSED    in manager_1: WriteResponse Scoreboard,   Received: 0   Item Number: 9
%%    320 ns    Log    PASSED    in manager_1: ReadResponse Scoreboard,    Received: 0   Item Number: 5
%%    320 ns    Log    PASSED    in manager_1: Data Check,                 Read Data: 00000004  Read Address: 10000010  Prot: 0
%%    320 ns    Log    INFO      in manager_1,                             Write Data.  WData: 00000005  WStrb: 1111  Operation# 10
%%    320 ns    Log    INFO      in manager_1,                             Write Address.  AWAddr: 10000014  AWProt: 000  Operation# 10
%%    330 ns    Log    INFO      in manager_1,                             Read Address.  ARAddr: 10000014  ARProt: 000  Operation# 6
%%    340 ns    Log    PASSED    in manager_1: WriteResponse Scoreboard,   Received: 0   Item Number: 10
%%    350 ns    Log    PASSED    in manager_1: ReadResponse Scoreboard,    Received: 0   Item Number: 6
%%    350 ns    Log    PASSED    in manager_1: Data Check,                 Read Data: 00000005  Read Address: 10000014  Prot: 0
%%    360 ns    Log    ALWAYS    in Default,                               WaitForClock #1 finished
%%    370 ns    Log    ALWAYS    in Default,                               WaitForClock #2 finished


%%    370 ns    Log    ALWAYS    in Default,                               Main Starting Reads.  Loop #0
%%    370 ns    Log    INFO      in manager_1,                             Read Address.  ARAddr: A0002000  ARProt: 000  Operation# 7
%%    390 ns    Log    PASSED    in manager_1: ReadResponse Scoreboard,    Received: 0   Item Number: 7
%%    390 ns    Log    PASSED    in manager_1: Data Check,                 Read Data: 00000000  Read Address: A0002000  Prot: 0
%%    390 ns    Log    INFO      in manager_1,                             Read Address.  ARAddr: A0002004  ARProt: 000  Operation# 8
%%    410 ns    Log    PASSED    in manager_1: ReadResponse Scoreboard,    Received: 0   Item Number: 8
%%    410 ns    Log    PASSED    in manager_1: Data Check,                 Read Data: 00000001  Read Address: A0002004  Prot: 0
%%    410 ns    Log    INFO      in manager_1,                             Read Address.  ARAddr: A0002008  ARProt: 000  Operation# 9
%%    430 ns    Log    PASSED    in manager_1: ReadResponse Scoreboard,    Received: 0   Item Number: 9
%%    430 ns    Log    PASSED    in manager_1: Data Check,                 Read Data: 00000002  Read Address: A0002008  Prot: 0
%%    430 ns    Log    INFO      in manager_1,                             Read Address.  ARAddr: A000200C  ARProt: 000  Operation# 10
%%    450 ns    Log    PASSED    in manager_1: ReadResponse Scoreboard,    Received: 0   Item Number: 10
%%    450 ns    Log    PASSED    in manager_1: Data Check,                 Read Data: 00000003  Read Address: A000200C  Prot: 0


%%    450 ns    Log    ALWAYS    in Default,                               Main Starting Writes.  Loop #1
%%    450 ns    Log    INFO      in manager_1,                             Write Data.  WData: 00000010  WStrb: 1111  Operation# 11
%%    450 ns    Log    INFO      in manager_1,                             Write Address.  AWAddr: 10000000  AWProt: 000  Operation# 11
%%    460 ns    Log    INFO      in manager_1,                             Write Data.  WData: 00000011  WStrb: 1111  Operation# 12
%%    460 ns    Log    INFO      in manager_1,                             Write Address.  AWAddr: 10000004  AWProt: 000  Operation# 12
%%    470 ns    Log    PASSED    in manager_1: WriteResponse Scoreboard,   Received: 0   Item Number: 11
%%    470 ns    Log    INFO      in manager_1,                             Write Data.  WData: 00000012  WStrb: 1111  Operation# 13
%%    470 ns    Log    INFO      in manager_1,                             Write Address.  AWAddr: 10000008  AWProt: 000  Operation# 13
%%    480 ns    Log    PASSED    in manager_1: WriteResponse Scoreboard,   Received: 0   Item Number: 12
%%    480 ns    Log    INFO      in manager_1,                             Write Data.  WData: 00000013  WStrb: 1111  Operation# 14
%%    480 ns    Log    INFO      in manager_1,                             Write Address.  AWAddr: 1000000C  AWProt: 000  Operation# 14
%%    490 ns    Log    PASSED    in manager_1: WriteResponse Scoreboard,   Received: 0   Item Number: 13
%%    500 ns    Log    PASSED    in manager_1: WriteResponse Scoreboard,   Received: 0   Item Number: 14
%%    500 ns    Log    INFO      in manager_1,                             Write Data.  WData: 00000014  WStrb: 1111  Operation# 15
%%    500 ns    Log    INFO      in manager_1,                             Write Address.  AWAddr: 10000010  AWProt: 000  Operation# 15
%%    505 ns    Log    ALWAYS    in Default,                               IntReq(0) 0    IntReq 00000000000000000000000000000010
%%    520 ns    Log    PASSED    in manager_1: WriteResponse Scoreboard,   Received: 0   Item Number: 15


%%    520 ns    Log    ALWAYS    in Default,                               Interrupt Handler Started
%%    520 ns    Log    INFO      in manager_1,                             Read Address.  ARAddr: 10000000  ARProt: 000  Operation# 11
%%    540 ns    Log    PASSED    in manager_1: ReadResponse Scoreboard,    Received: 0   Item Number: 11
%%    540 ns    Log    PASSED    in manager_1: Data Check,                 Read Data: 00000010  Read Address: 10000000  Prot: 0
%%    540 ns    Log    INFO      in manager_1,                             Read Address.  ARAddr: 10000004  ARProt: 000  Operation# 12
%%    550 ns    Log    ALWAYS    in Default,                               IntReq(0) 0    IntReq 00000000000000000000000000000000
%%    560 ns    Log    PASSED    in manager_1: ReadResponse Scoreboard,    Received: 0   Item Number: 12
%%    560 ns    Log    PASSED    in manager_1: Data Check,                 Read Data: 00000011  Read Address: 10000004  Prot: 0
%%    560 ns    Log    INFO      in manager_1,                             Read Address.  ARAddr: 10000008  ARProt: 000  Operation# 13
%%    580 ns    Log    PASSED    in manager_1: ReadResponse Scoreboard,    Received: 0   Item Number: 13
%%    580 ns    Log    PASSED    in manager_1: Data Check,                 Read Data: 00000012  Read Address: 10000008  Prot: 0
%%    580 ns    Log    INFO      in manager_1,                             Read Address.  ARAddr: 1000000C  ARProt: 000  Operation# 14
%%    600 ns    Log    PASSED    in manager_1: ReadResponse Scoreboard,    Received: 0   Item Number: 14
%%    600 ns    Log    PASSED    in manager_1: Data Check,                 Read Data: 00000013  Read Address: 1000000C  Prot: 0
%%    600 ns    Log    INFO      in manager_1,                             Write Data.  WData: 00000010  WStrb: 1111  Operation# 16
%%    600 ns    Log    INFO      in manager_1,                             Write Address.  AWAddr: A0002000  AWProt: 000  Operation# 16
%%    610 ns    Log    INFO      in manager_1,                             Write Data.  WData: 00000011  WStrb: 1111  Operation# 17
%%    610 ns    Log    INFO      in manager_1,                             Write Address.  AWAddr: A0002004  AWProt: 000  Operation# 17
%%    620 ns    Log    PASSED    in manager_1: WriteResponse Scoreboard,   Received: 0   Item Number: 16
%%    620 ns    Log    INFO      in manager_1,                             Write Data.  WData: 00000012  WStrb: 1111  Operation# 18
%%    620 ns    Log    INFO      in manager_1,                             Write Address.  AWAddr: A0002008  AWProt: 000  Operation# 18
%%    630 ns    Log    PASSED    in manager_1: WriteResponse Scoreboard,   Received: 0   Item Number: 17
%%    630 ns    Log    INFO      in manager_1,                             Write Data.  WData: 00000013  WStrb: 1111  Operation# 19
%%    630 ns    Log    INFO      in manager_1,                             Write Address.  AWAddr: A000200C  AWProt: 000  Operation# 19
%%    640 ns    Log    PASSED    in manager_1: WriteResponse Scoreboard,   Received: 0   Item Number: 18
%%    640 ns    Log    ALWAYS    in Default,                               Interrupt Handler Done


%%    640 ns    Log    INFO      in manager_1,                             Read Address.  ARAddr: 10000010  ARProt: 000  Operation# 15
%%    650 ns    Log    PASSED    in manager_1: WriteResponse Scoreboard,   Received: 0   Item Number: 19
%%    660 ns    Log    PASSED    in manager_1: ReadResponse Scoreboard,    Received: 0   Item Number: 15
%%    660 ns    Log    PASSED    in manager_1: Data Check,                 Read Data: 00000014  Read Address: 10000010  Prot: 0
%%    660 ns    Log    INFO      in manager_1,                             Write Data.  WData: 00000015  WStrb: 1111  Operation# 20
%%    660 ns    Log    INFO      in manager_1,                             Write Address.  AWAddr: 10000014  AWProt: 000  Operation# 20
%%    670 ns    Log    INFO      in manager_1,                             Read Address.  ARAddr: 10000014  ARProt: 000  Operation# 16
%%    680 ns    Log    PASSED    in manager_1: WriteResponse Scoreboard,   Received: 0   Item Number: 20
%%    690 ns    Log    PASSED    in manager_1: ReadResponse Scoreboard,    Received: 0   Item Number: 16
%%    690 ns    Log    PASSED    in manager_1: Data Check,                 Read Data: 00000015  Read Address: 10000014  Prot: 0
%%    700 ns    Log    ALWAYS    in Default,                               WaitForClock #1 finished
%%    710 ns    Log    ALWAYS    in Default,                               WaitForClock #2 finished


%%    710 ns    Log    ALWAYS    in Default,                               Main Starting Reads.  Loop #1
%%    710 ns    Log    INFO      in manager_1,                             Read Address.  ARAddr: A0002000  ARProt: 000  Operation# 17
%%    730 ns    Log    PASSED    in manager_1: ReadResponse Scoreboard,    Received: 0   Item Number: 17
%%    730 ns    Log    PASSED    in manager_1: Data Check,                 Read Data: 00000010  Read Address: A0002000  Prot: 0
%%    730 ns    Log    INFO      in manager_1,                             Read Address.  ARAddr: A0002004  ARProt: 000  Operation# 18
%%    750 ns    Log    PASSED    in manager_1: ReadResponse Scoreboard,    Received: 0   Item Number: 18
%%    750 ns    Log    PASSED    in manager_1: Data Check,                 Read Data: 00000011  Read Address: A0002004  Prot: 0
%%    750 ns    Log    INFO      in manager_1,                             Read Address.  ARAddr: A0002008  ARProt: 000  Operation# 19
%%    770 ns    Log    PASSED    in manager_1: ReadResponse Scoreboard,    Received: 0   Item Number: 19
%%    770 ns    Log    PASSED    in manager_1: Data Check,                 Read Data: 00000012  Read Address: A0002008  Prot: 0
%%    770 ns    Log    INFO      in manager_1,                             Read Address.  ARAddr: A000200C  ARProt: 000  Operation# 20
%%    790 ns    Log    PASSED    in manager_1: ReadResponse Scoreboard,    Received: 0   Item Number: 20
%%    790 ns    Log    PASSED    in manager_1: Data Check,                 Read Data: 00000013  Read Address: A000200C  Prot: 0


%%    790 ns    Log    ALWAYS    in Default,                               Main Starting Writes.  Loop #2
%%    790 ns    Log    INFO      in manager_1,                             Write Data.  WData: 00000020  WStrb: 1111  Operation# 21
%%    790 ns    Log    INFO      in manager_1,                             Write Address.  AWAddr: 10000000  AWProt: 000  Operation# 21
%%    800 ns    Log    INFO      in manager_1,                             Write Data.  WData: 00000021  WStrb: 1111  Operation# 22
%%    800 ns    Log    INFO      in manager_1,                             Write Address.  AWAddr: 10000004  AWProt: 000  Operation# 22
%%    810 ns    Log    PASSED    in manager_1: WriteResponse Scoreboard,   Received: 0   Item Number: 21
%%    810 ns    Log    INFO      in manager_1,                             Write Data.  WData: 00000022  WStrb: 1111  Operation# 23
%%    810 ns    Log    INFO      in manager_1,                             Write Address.  AWAddr: 10000008  AWProt: 000  Operation# 23
%%    820 ns    Log    PASSED    in manager_1: WriteResponse Scoreboard,   Received: 0   Item Number: 22
%%    820 ns    Log    INFO      in manager_1,                             Write Data.  WData: 00000023  WStrb: 1111  Operation# 24
%%    820 ns    Log    INFO      in manager_1,                             Write Address.  AWAddr: 1000000C  AWProt: 000  Operation# 24
%%    830 ns    Log    PASSED    in manager_1: WriteResponse Scoreboard,   Received: 0   Item Number: 23
%%    840 ns    Log    PASSED    in manager_1: WriteResponse Scoreboard,   Received: 0   Item Number: 24
%%    840 ns    Log    INFO      in manager_1,                             Write Data.  WData: 00000024  WStrb: 1111  Operation# 25
%%    840 ns    Log    INFO      in manager_1,                             Write Address.  AWAddr: 10000010  AWProt: 000  Operation# 25
%%    850 ns    Log    INFO      in manager_1,                             Read Address.  ARAddr: 10000010  ARProt: 000  Operation# 21
%%    855 ns    Log    ALWAYS    in Default,                               IntReq(0) 1    IntReq 00000000000000000000000000000001
%%    860 ns    Log    PASSED    in manager_1: WriteResponse Scoreboard,   Received: 0   Item Number: 25
%%    870 ns    Log    PASSED    in manager_1: ReadResponse Scoreboard,    Received: 0   Item Number: 21
%%    870 ns    Log    PASSED    in manager_1: Data Check,                 Read Data: 00000024  Read Address: 10000010  Prot: 0


%%    880 ns    Log    ALWAYS    in Default,                               Interrupt Handler Started
%%    880 ns    Log    INFO      in manager_1,                             Read Address.  ARAddr: 10000000  ARProt: 000  Operation# 22
%%    900 ns    Log    PASSED    in manager_1: ReadResponse Scoreboard,    Received: 0   Item Number: 22
%%    900 ns    Log    PASSED    in manager_1: Data Check,                 Read Data: 00000020  Read Address: 10000000  Prot: 0
%%    900 ns    Log    ALWAYS    in Default,                               IntReq(0) 0    IntReq 00000000000000000000000000000000
%%    900 ns    Log    INFO      in manager_1,                             Read Address.  ARAddr: 10000004  ARProt: 000  Operation# 23
%%    920 ns    Log    PASSED    in manager_1: ReadResponse Scoreboard,    Received: 0   Item Number: 23
%%    920 ns    Log    PASSED    in manager_1: Data Check,                 Read Data: 00000021  Read Address: 10000004  Prot: 0
%%    920 ns    Log    INFO      in manager_1,                             Read Address.  ARAddr: 10000008  ARProt: 000  Operation# 24
%%    940 ns    Log    PASSED    in manager_1: ReadResponse Scoreboard,    Received: 0   Item Number: 24
%%    940 ns    Log    PASSED    in manager_1: Data Check,                 Read Data: 00000022  Read Address: 10000008  Prot: 0
%%    940 ns    Log    INFO      in manager_1,                             Read Address.  ARAddr: 1000000C  ARProt: 000  Operation# 25
%%    960 ns    Log    PASSED    in manager_1: ReadResponse Scoreboard,    Received: 0   Item Number: 25
%%    960 ns    Log    PASSED    in manager_1: Data Check,                 Read Data: 00000023  Read Address: 1000000C  Prot: 0
%%    960 ns    Log    INFO      in manager_1,                             Write Data.  WData: 00000020  WStrb: 1111  Operation# 26
%%    960 ns    Log    INFO      in manager_1,                             Write Address.  AWAddr: A0002000  AWProt: 000  Operation# 26
%%    970 ns    Log    INFO      in manager_1,                             Write Data.  WData: 00000021  WStrb: 1111  Operation# 27
%%    970 ns    Log    INFO      in manager_1,                             Write Address.  AWAddr: A0002004  AWProt: 000  Operation# 27
%%    980 ns    Log    PASSED    in manager_1: WriteResponse Scoreboard,   Received: 0   Item Number: 26
%%    980 ns    Log    INFO      in manager_1,                             Write Data.  WData: 00000022  WStrb: 1111  Operation# 28
%%    980 ns    Log    INFO      in manager_1,                             Write Address.  AWAddr: A0002008  AWProt: 000  Operation# 28
%%    990 ns    Log    PASSED    in manager_1: WriteResponse Scoreboard,   Received: 0   Item Number: 27
%%    990 ns    Log    INFO      in manager_1,                             Write Data.  WData: 00000023  WStrb: 1111  Operation# 29
%%    990 ns    Log    INFO      in manager_1,                             Write Address.  AWAddr: A000200C  AWProt: 000  Operation# 29
%%   1000 ns    Log    PASSED    in manager_1: WriteResponse Scoreboard,   Received: 0   Item Number: 28
%%   1000 ns    Log    ALWAYS    in Default,                               Interrupt Handler Done


%%   1000 ns    Log    INFO      in manager_1,                             Write Data.  WData: 00000025  WStrb: 1111  Operation# 30
%%   1000 ns    Log    INFO      in manager_1,                             Write Address.  AWAddr: 10000014  AWProt: 000  Operation# 30
%%   1010 ns    Log    PASSED    in manager_1: WriteResponse Scoreboard,   Received: 0   Item Number: 29
%%   1010 ns    Log    INFO      in manager_1,                             Read Address.  ARAddr: 10000014  ARProt: 000  Operation# 26
%%   1020 ns    Log    PASSED    in manager_1: WriteResponse Scoreboard,   Received: 0   Item Number: 30
%%   1030 ns    Log    PASSED    in manager_1: ReadResponse Scoreboard,    Received: 0   Item Number: 26
%%   1030 ns    Log    PASSED    in manager_1: Data Check,                 Read Data: 00000025  Read Address: 10000014  Prot: 0
%%   1040 ns    Log    ALWAYS    in Default,                               WaitForClock #1 finished
%%   1050 ns    Log    ALWAYS    in Default,                               WaitForClock #2 finished


%%   1050 ns    Log    ALWAYS    in Default,                               Main Starting Reads.  Loop #2
%%   1050 ns    Log    INFO      in manager_1,                             Read Address.  ARAddr: A0002000  ARProt: 000  Operation# 27
%%   1070 ns    Log    PASSED    in manager_1: ReadResponse Scoreboard,    Received: 0   Item Number: 27
%%   1070 ns    Log    PASSED    in manager_1: Data Check,                 Read Data: 00000020  Read Address: A0002000  Prot: 0
%%   1070 ns    Log    INFO      in manager_1,                             Read Address.  ARAddr: A0002004  ARProt: 000  Operation# 28
%%   1090 ns    Log    PASSED    in manager_1: ReadResponse Scoreboard,    Received: 0   Item Number: 28
%%   1090 ns    Log    PASSED    in manager_1: Data Check,                 Read Data: 00000021  Read Address: A0002004  Prot: 0
%%   1090 ns    Log    INFO      in manager_1,                             Read Address.  ARAddr: A0002008  ARProt: 000  Operation# 29
%%   1110 ns    Log    PASSED    in manager_1: ReadResponse Scoreboard,    Received: 0   Item Number: 29
%%   1110 ns    Log    PASSED    in manager_1: Data Check,                 Read Data: 00000022  Read Address: A0002008  Prot: 0
%%   1110 ns    Log    INFO      in manager_1,                             Read Address.  ARAddr: A000200C  ARProt: 000  Operation# 30
%%   1130 ns    Log    PASSED    in manager_1: ReadResponse Scoreboard,    Received: 0   Item Number: 30
%%   1130 ns    Log    PASSED    in manager_1: Data Check,                 Read Data: 00000023  Read Address: A000200C  Prot: 0


%%   1130 ns    Log    ALWAYS    in Default,                               Main Starting Writes.  Loop #3
%%   1130 ns    Log    INFO      in manager_1,                             Write Data.  WData: 00000030  WStrb: 1111  Operation# 31
%%   1130 ns    Log    INFO      in manager_1,                             Write Address.  AWAddr: 10000000  AWProt: 000  Operation# 31
%%   1140 ns    Log    INFO      in manager_1,                             Write Data.  WData: 00000031  WStrb: 1111  Operation# 32
%%   1140 ns    Log    INFO      in manager_1,                             Write Address.  AWAddr: 10000004  AWProt: 000  Operation# 32
%%   1150 ns    Log    PASSED    in manager_1: WriteResponse Scoreboard,   Received: 0   Item Number: 31
%%   1150 ns    Log    INFO      in manager_1,                             Write Data.  WData: 00000032  WStrb: 1111  Operation# 33
%%   1150 ns    Log    INFO      in manager_1,                             Write Address.  AWAddr: 10000008  AWProt: 000  Operation# 33
%%   1160 ns    Log    PASSED    in manager_1: WriteResponse Scoreboard,   Received: 0   Item Number: 32
%%   1160 ns    Log    INFO      in manager_1,                             Write Data.  WData: 00000033  WStrb: 1111  Operation# 34
%%   1160 ns    Log    INFO      in manager_1,                             Write Address.  AWAddr: 1000000C  AWProt: 000  Operation# 34
%%   1170 ns    Log    PASSED    in manager_1: WriteResponse Scoreboard,   Received: 0   Item Number: 33
%%   1180 ns    Log    PASSED    in manager_1: WriteResponse Scoreboard,   Received: 0   Item Number: 34
%%   1180 ns    Log    INFO      in manager_1,                             Write Data.  WData: 00000034  WStrb: 1111  Operation# 35
%%   1180 ns    Log    INFO      in manager_1,                             Write Address.  AWAddr: 10000010  AWProt: 000  Operation# 35
%%   1190 ns    Log    INFO      in manager_1,                             Read Address.  ARAddr: 10000010  ARProt: 000  Operation# 31
%%   1200 ns    Log    PASSED    in manager_1: WriteResponse Scoreboard,   Received: 0   Item Number: 35
%%   1205 ns    Log    ALWAYS    in Default,                               IntReq(0) 0    IntReq 00000000000000000000000000000010
%%   1210 ns    Log    PASSED    in manager_1: ReadResponse Scoreboard,    Received: 0   Item Number: 31
%%   1210 ns    Log    PASSED    in manager_1: Data Check,                 Read Data: 00000034  Read Address: 10000010  Prot: 0


%%   1220 ns    Log    ALWAYS    in Default,                               Interrupt Handler Started
%%   1220 ns    Log    INFO      in manager_1,                             Read Address.  ARAddr: 10000000  ARProt: 000  Operation# 32
%%   1240 ns    Log    PASSED    in manager_1: ReadResponse Scoreboard,    Received: 0   Item Number: 32
%%   1240 ns    Log    PASSED    in manager_1: Data Check,                 Read Data: 00000030  Read Address: 10000000  Prot: 0
%%   1240 ns    Log    INFO      in manager_1,                             Read Address.  ARAddr: 10000004  ARProt: 000  Operation# 33
%%   1250 ns    Log    ALWAYS    in Default,                               IntReq(0) 0    IntReq 00000000000000000000000000000000
%%   1260 ns    Log    PASSED    in manager_1: ReadResponse Scoreboard,    Received: 0   Item Number: 33
%%   1260 ns    Log    PASSED    in manager_1: Data Check,                 Read Data: 00000031  Read Address: 10000004  Prot: 0
%%   1260 ns    Log    INFO      in manager_1,                             Read Address.  ARAddr: 10000008  ARProt: 000  Operation# 34
%%   1280 ns    Log    PASSED    in manager_1: ReadResponse Scoreboard,    Received: 0   Item Number: 34
%%   1280 ns    Log    PASSED    in manager_1: Data Check,                 Read Data: 00000032  Read Address: 10000008  Prot: 0
%%   1280 ns    Log    INFO      in manager_1,                             Read Address.  ARAddr: 1000000C  ARProt: 000  Operation# 35
%%   1300 ns    Log    PASSED    in manager_1: ReadResponse Scoreboard,    Received: 0   Item Number: 35
%%   1300 ns    Log    PASSED    in manager_1: Data Check,                 Read Data: 00000033  Read Address: 1000000C  Prot: 0
%%   1300 ns    Log    INFO      in manager_1,                             Write Data.  WData: 00000030  WStrb: 1111  Operation# 36
%%   1300 ns    Log    INFO      in manager_1,                             Write Address.  AWAddr: A0002000  AWProt: 000  Operation# 36
%%   1310 ns    Log    INFO      in manager_1,                             Write Data.  WData: 00000031  WStrb: 1111  Operation# 37
%%   1310 ns    Log    INFO      in manager_1,                             Write Address.  AWAddr: A0002004  AWProt: 000  Operation# 37
%%   1320 ns    Log    PASSED    in manager_1: WriteResponse Scoreboard,   Received: 0   Item Number: 36
%%   1320 ns    Log    INFO      in manager_1,                             Write Data.  WData: 00000032  WStrb: 1111  Operation# 38
%%   1320 ns    Log    INFO      in manager_1,                             Write Address.  AWAddr: A0002008  AWProt: 000  Operation# 38
%%   1330 ns    Log    PASSED    in manager_1: WriteResponse Scoreboard,   Received: 0   Item Number: 37
%%   1330 ns    Log    INFO      in manager_1,                             Write Data.  WData: 00000033  WStrb: 1111  Operation# 39
%%   1330 ns    Log    INFO      in manager_1,                             Write Address.  AWAddr: A000200C  AWProt: 000  Operation# 39
%%   1340 ns    Log    PASSED    in manager_1: WriteResponse Scoreboard,   Received: 0   Item Number: 38
%%   1340 ns    Log    ALWAYS    in Default,                               Interrupt Handler Done


%%   1340 ns    Log    INFO      in manager_1,                             Write Data.  WData: 00000035  WStrb: 1111  Operation# 40
%%   1340 ns    Log    INFO      in manager_1,                             Write Address.  AWAddr: 10000014  AWProt: 000  Operation# 40
%%   1350 ns    Log    PASSED    in manager_1: WriteResponse Scoreboard,   Received: 0   Item Number: 39
%%   1350 ns    Log    INFO      in manager_1,                             Read Address.  ARAddr: 10000014  ARProt: 000  Operation# 36
%%   1360 ns    Log    PASSED    in manager_1: WriteResponse Scoreboard,   Received: 0   Item Number: 40
%%   1370 ns    Log    PASSED    in manager_1: ReadResponse Scoreboard,    Received: 0   Item Number: 36
%%   1370 ns    Log    PASSED    in manager_1: Data Check,                 Read Data: 00000035  Read Address: 10000014  Prot: 0
%%   1380 ns    Log    ALWAYS    in Default,                               WaitForClock #1 finished
%%   1390 ns    Log    ALWAYS    in Default,                               WaitForClock #2 finished


%%   1390 ns    Log    ALWAYS    in Default,                               Main Starting Reads.  Loop #3
%%   1390 ns    Log    INFO      in manager_1,                             Read Address.  ARAddr: A0002000  ARProt: 000  Operation# 37
%%   1410 ns    Log    PASSED    in manager_1: ReadResponse Scoreboard,    Received: 0   Item Number: 37
%%   1410 ns    Log    PASSED    in manager_1: Data Check,                 Read Data: 00000030  Read Address: A0002000  Prot: 0
%%   1410 ns    Log    INFO      in manager_1,                             Read Address.  ARAddr: A0002004  ARProt: 000  Operation# 38
%%   1430 ns    Log    PASSED    in manager_1: ReadResponse Scoreboard,    Received: 0   Item Number: 38
%%   1430 ns    Log    PASSED    in manager_1: Data Check,                 Read Data: 00000031  Read Address: A0002004  Prot: 0
%%   1430 ns    Log    INFO      in manager_1,                             Read Address.  ARAddr: A0002008  ARProt: 000  Operation# 39
%%   1450 ns    Log    PASSED    in manager_1: ReadResponse Scoreboard,    Received: 0   Item Number: 39
%%   1450 ns    Log    PASSED    in manager_1: Data Check,                 Read Data: 00000032  Read Address: A0002008  Prot: 0
%%   1450 ns    Log    INFO      in manager_1,                             Read Address.  ARAddr: A000200C  ARProt: 000  Operation# 40
%%   1470 ns    Log    PASSED    in manager_1: ReadResponse Scoreboard,    Received: 0   Item Number: 40
%%   1470 ns    Log    PASSED    in manager_1: Data Check,                 Read Data: 00000033  Read Address: A000200C  Prot: 0


%%   1470 ns    Log    ALWAYS    in Default,                               Main Starting Writes.  Loop #4
%%   1470 ns    Log    INFO      in manager_1,                             Write Data.  WData: 00000040  WStrb: 1111  Operation# 41
%%   1470 ns    Log    INFO      in manager_1,                             Write Address.  AWAddr: 10000000  AWProt: 000  Operation# 41
%%   1480 ns    Log    INFO      in manager_1,                             Write Data.  WData: 00000041  WStrb: 1111  Operation# 42
%%   1480 ns    Log    INFO      in manager_1,                             Write Address.  AWAddr: 10000004  AWProt: 000  Operation# 42
%%   1490 ns    Log    PASSED    in manager_1: WriteResponse Scoreboard,   Received: 0   Item Number: 41
%%   1490 ns    Log    INFO      in manager_1,                             Write Data.  WData: 00000042  WStrb: 1111  Operation# 43
%%   1490 ns    Log    INFO      in manager_1,                             Write Address.  AWAddr: 10000008  AWProt: 000  Operation# 43
%%   1500 ns    Log    PASSED    in manager_1: WriteResponse Scoreboard,   Received: 0   Item Number: 42
%%   1500 ns    Log    INFO      in manager_1,                             Write Data.  WData: 00000043  WStrb: 1111  Operation# 44
%%   1500 ns    Log    INFO      in manager_1,                             Write Address.  AWAddr: 1000000C  AWProt: 000  Operation# 44
%%   1510 ns    Log    PASSED    in manager_1: WriteResponse Scoreboard,   Received: 0   Item Number: 43
%%   1520 ns    Log    PASSED    in manager_1: WriteResponse Scoreboard,   Received: 0   Item Number: 44
%%   1520 ns    Log    INFO      in manager_1,                             Write Data.  WData: 00000044  WStrb: 1111  Operation# 45
%%   1520 ns    Log    INFO      in manager_1,                             Write Address.  AWAddr: 10000010  AWProt: 000  Operation# 45
%%   1530 ns    Log    INFO      in manager_1,                             Read Address.  ARAddr: 10000010  ARProt: 000  Operation# 41
%%   1540 ns    Log    PASSED    in manager_1: WriteResponse Scoreboard,   Received: 0   Item Number: 45
%%   1550 ns    Log    PASSED    in manager_1: ReadResponse Scoreboard,    Received: 0   Item Number: 41
%%   1550 ns    Log    PASSED    in manager_1: Data Check,                 Read Data: 00000044  Read Address: 10000010  Prot: 0
%%   1550 ns    Log    INFO      in manager_1,                             Write Data.  WData: 00000045  WStrb: 1111  Operation# 46
%%   1550 ns    Log    INFO      in manager_1,                             Write Address.  AWAddr: 10000014  AWProt: 000  Operation# 46
%%   1555 ns    Log    ALWAYS    in Default,                               IntReq(0) 1    IntReq 00000000000000000000000000000001
%%   1570 ns    Log    PASSED    in manager_1: WriteResponse Scoreboard,   Received: 0   Item Number: 46


%%   1570 ns    Log    ALWAYS    in Default,                               Interrupt Handler Started
%%   1570 ns    Log    INFO      in manager_1,                             Read Address.  ARAddr: 10000000  ARProt: 000  Operation# 42
%%   1590 ns    Log    PASSED    in manager_1: ReadResponse Scoreboard,    Received: 0   Item Number: 42
%%   1590 ns    Log    PASSED    in manager_1: Data Check,                 Read Data: 00000040  Read Address: 10000000  Prot: 0
%%   1590 ns    Log    INFO      in manager_1,                             Read Address.  ARAddr: 10000004  ARProt: 000  Operation# 43
%%   1600 ns    Log    ALWAYS    in Default,                               IntReq(0) 0    IntReq 00000000000000000000000000000000
%%   1610 ns    Log    PASSED    in manager_1: ReadResponse Scoreboard,    Received: 0   Item Number: 43
%%   1610 ns    Log    PASSED    in manager_1: Data Check,                 Read Data: 00000041  Read Address: 10000004  Prot: 0
%%   1610 ns    Log    INFO      in manager_1,                             Read Address.  ARAddr: 10000008  ARProt: 000  Operation# 44
%%   1630 ns    Log    PASSED    in manager_1: ReadResponse Scoreboard,    Received: 0   Item Number: 44
%%   1630 ns    Log    PASSED    in manager_1: Data Check,                 Read Data: 00000042  Read Address: 10000008  Prot: 0
%%   1630 ns    Log    INFO      in manager_1,                             Read Address.  ARAddr: 1000000C  ARProt: 000  Operation# 45
%%   1650 ns    Log    PASSED    in manager_1: ReadResponse Scoreboard,    Received: 0   Item Number: 45
%%   1650 ns    Log    PASSED    in manager_1: Data Check,                 Read Data: 00000043  Read Address: 1000000C  Prot: 0
%%   1650 ns    Log    INFO      in manager_1,                             Write Data.  WData: 00000040  WStrb: 1111  Operation# 47
%%   1650 ns    Log    INFO      in manager_1,                             Write Address.  AWAddr: A0002000  AWProt: 000  Operation# 47
%%   1660 ns    Log    INFO      in manager_1,                             Write Data.  WData: 00000041  WStrb: 1111  Operation# 48
%%   1660 ns    Log    INFO      in manager_1,                             Write Address.  AWAddr: A0002004  AWProt: 000  Operation# 48
%%   1670 ns    Log    PASSED    in manager_1: WriteResponse Scoreboard,   Received: 0   Item Number: 47
%%   1670 ns    Log    INFO      in manager_1,                             Write Data.  WData: 00000042  WStrb: 1111  Operation# 49
%%   1670 ns    Log    INFO      in manager_1,                             Write Address.  AWAddr: A0002008  AWProt: 000  Operation# 49
%%   1680 ns    Log    PASSED    in manager_1: WriteResponse Scoreboard,   Received: 0   Item Number: 48
%%   1680 ns    Log    INFO      in manager_1,                             Write Data.  WData: 00000043  WStrb: 1111  Operation# 50
%%   1680 ns    Log    INFO      in manager_1,                             Write Address.  AWAddr: A000200C  AWProt: 000  Operation# 50
%%   1690 ns    Log    PASSED    in manager_1: WriteResponse Scoreboard,   Received: 0   Item Number: 49
%%   1690 ns    Log    ALWAYS    in Default,                               Interrupt Handler Done


%%   1690 ns    Log    INFO      in manager_1,                             Read Address.  ARAddr: 10000014  ARProt: 000  Operation# 46
%%   1700 ns    Log    PASSED    in manager_1: WriteResponse Scoreboard,   Received: 0   Item Number: 50
%%   1710 ns    Log    PASSED    in manager_1: ReadResponse Scoreboard,    Received: 0   Item Number: 46
%%   1710 ns    Log    PASSED    in manager_1: Data Check,                 Read Data: 00000045  Read Address: 10000014  Prot: 0
%%   1720 ns    Log    ALWAYS    in Default,                               WaitForClock #1 finished
%%   1730 ns    Log    ALWAYS    in Default,                               WaitForClock #2 finished


%%   1730 ns    Log    ALWAYS    in Default,                               Main Starting Reads.  Loop #4
%%   1730 ns    Log    INFO      in manager_1,                             Read Address.  ARAddr: A0002000  ARProt: 000  Operation# 47
%%   1750 ns    Log    PASSED    in manager_1: ReadResponse Scoreboard,    Received: 0   Item Number: 47
%%   1750 ns    Log    PASSED    in manager_1: Data Check,                 Read Data: 00000040  Read Address: A0002000  Prot: 0
%%   1750 ns    Log    INFO      in manager_1,                             Read Address.  ARAddr: A0002004  ARProt: 000  Operation# 48
%%   1770 ns    Log    PASSED    in manager_1: ReadResponse Scoreboard,    Received: 0   Item Number: 48
%%   1770 ns    Log    PASSED    in manager_1: Data Check,                 Read Data: 00000041  Read Address: A0002004  Prot: 0
%%   1770 ns    Log    INFO      in manager_1,                             Read Address.  ARAddr: A0002008  ARProt: 000  Operation# 49
%%   1790 ns    Log    PASSED    in manager_1: ReadResponse Scoreboard,    Received: 0   Item Number: 49
%%   1790 ns    Log    PASSED    in manager_1: Data Check,                 Read Data: 00000042  Read Address: A0002008  Prot: 0
%%   1790 ns    Log    INFO      in manager_1,                             Read Address.  ARAddr: A000200C  ARProt: 000  Operation# 50
%%   1810 ns    Log    PASSED    in manager_1: ReadResponse Scoreboard,    Received: 0   Item Number: 50
%%   1810 ns    Log    PASSED    in manager_1: Data Check,                 Read Data: 00000043  Read Address: A000200C  Prot: 0


%%   1810 ns    Log    ALWAYS    in Default,                               Main Starting Writes.  Loop #5
%%   1810 ns    Log    INFO      in manager_1,                             Write Data.  WData: 00000050  WStrb: 1111  Operation# 51
%%   1810 ns    Log    INFO      in manager_1,                             Write Address.  AWAddr: 10000000  AWProt: 000  Operation# 51
%%   1820 ns    Log    INFO      in manager_1,                             Write Data.  WData: 00000051  WStrb: 1111  Operation# 52
%%   1820 ns    Log    INFO      in manager_1,                             Write Address.  AWAddr: 10000004  AWProt: 000  Operation# 52
%%   1830 ns    Log    PASSED    in manager_1: WriteResponse Scoreboard,   Received: 0   Item Number: 51
%%   1830 ns    Log    INFO      in manager_1,                             Write Data.  WData: 00000052  WStrb: 1111  Operation# 53
%%   1830 ns    Log    INFO      in manager_1,                             Write Address.  AWAddr: 10000008  AWProt: 000  Operation# 53
%%   1840 ns    Log    PASSED    in manager_1: WriteResponse Scoreboard,   Received: 0   Item Number: 52
%%   1840 ns    Log    INFO      in manager_1,                             Write Data.  WData: 00000053  WStrb: 1111  Operation# 54
%%   1840 ns    Log    INFO      in manager_1,                             Write Address.  AWAddr: 1000000C  AWProt: 000  Operation# 54
%%   1850 ns    Log    PASSED    in manager_1: WriteResponse Scoreboard,   Received: 0   Item Number: 53
%%   1860 ns    Log    PASSED    in manager_1: WriteResponse Scoreboard,   Received: 0   Item Number: 54
%%   1860 ns    Log    INFO      in manager_1,                             Write Data.  WData: 00000054  WStrb: 1111  Operation# 55
%%   1860 ns    Log    INFO      in manager_1,                             Write Address.  AWAddr: 10000010  AWProt: 000  Operation# 55
%%   1870 ns    Log    INFO      in manager_1,                             Read Address.  ARAddr: 10000010  ARProt: 000  Operation# 51
%%   1880 ns    Log    PASSED    in manager_1: WriteResponse Scoreboard,   Received: 0   Item Number: 55
%%   1890 ns    Log    PASSED    in manager_1: ReadResponse Scoreboard,    Received: 0   Item Number: 51
%%   1890 ns    Log    PASSED    in manager_1: Data Check,                 Read Data: 00000054  Read Address: 10000010  Prot: 0
%%   1890 ns    Log    INFO      in manager_1,                             Write Data.  WData: 00000055  WStrb: 1111  Operation# 56
%%   1890 ns    Log    INFO      in manager_1,                             Write Address.  AWAddr: 10000014  AWProt: 000  Operation# 56
%%   1900 ns    Log    INFO      in manager_1,                             Read Address.  ARAddr: 10000014  ARProt: 000  Operation# 52
%%   1905 ns    Log    ALWAYS    in Default,                               IntReq(0) 0    IntReq 00000000000000000000000000000010
%%   1910 ns    Log    PASSED    in manager_1: WriteResponse Scoreboard,   Received: 0   Item Number: 56
%%   1920 ns    Log    PASSED    in manager_1: ReadResponse Scoreboard,    Received: 0   Item Number: 52
%%   1920 ns    Log    PASSED    in manager_1: Data Check,                 Read Data: 00000055  Read Address: 10000014  Prot: 0


%%   1930 ns    Log    ALWAYS    in Default,                               Interrupt Handler Started
%%   1930 ns    Log    INFO      in manager_1,                             Read Address.  ARAddr: 10000000  ARProt: 000  Operation# 53
%%   1950 ns    Log    PASSED    in manager_1: ReadResponse Scoreboard,    Received: 0   Item Number: 53
%%   1950 ns    Log    PASSED    in manager_1: Data Check,                 Read Data: 00000050  Read Address: 10000000  Prot: 0
%%   1950 ns    Log    ALWAYS    in Default,                               IntReq(0) 0    IntReq 00000000000000000000000000000000
%%   1950 ns    Log    INFO      in manager_1,                             Read Address.  ARAddr: 10000004  ARProt: 000  Operation# 54
%%   1970 ns    Log    PASSED    in manager_1: ReadResponse Scoreboard,    Received: 0   Item Number: 54
%%   1970 ns    Log    PASSED    in manager_1: Data Check,                 Read Data: 00000051  Read Address: 10000004  Prot: 0
%%   1970 ns    Log    INFO      in manager_1,                             Read Address.  ARAddr: 10000008  ARProt: 000  Operation# 55
%%   1990 ns    Log    PASSED    in manager_1: ReadResponse Scoreboard,    Received: 0   Item Number: 55
%%   1990 ns    Log    PASSED    in manager_1: Data Check,                 Read Data: 00000052  Read Address: 10000008  Prot: 0
%%   1990 ns    Log    INFO      in manager_1,                             Read Address.  ARAddr: 1000000C  ARProt: 000  Operation# 56
%%   2010 ns    Log    PASSED    in manager_1: ReadResponse Scoreboard,    Received: 0   Item Number: 56
%%   2010 ns    Log    PASSED    in manager_1: Data Check,                 Read Data: 00000053  Read Address: 1000000C  Prot: 0
%%   2010 ns    Log    INFO      in manager_1,                             Write Data.  WData: 00000050  WStrb: 1111  Operation# 57
%%   2010 ns    Log    INFO      in manager_1,                             Write Address.  AWAddr: A0002000  AWProt: 000  Operation# 57
%%   2020 ns    Log    INFO      in manager_1,                             Write Data.  WData: 00000051  WStrb: 1111  Operation# 58
%%   2020 ns    Log    INFO      in manager_1,                             Write Address.  AWAddr: A0002004  AWProt: 000  Operation# 58
%%   2030 ns    Log    PASSED    in manager_1: WriteResponse Scoreboard,   Received: 0   Item Number: 57
%%   2030 ns    Log    INFO      in manager_1,                             Write Data.  WData: 00000052  WStrb: 1111  Operation# 59
%%   2030 ns    Log    INFO      in manager_1,                             Write Address.  AWAddr: A0002008  AWProt: 000  Operation# 59
%%   2040 ns    Log    PASSED    in manager_1: WriteResponse Scoreboard,   Received: 0   Item Number: 58
%%   2040 ns    Log    INFO      in manager_1,                             Write Data.  WData: 00000053  WStrb: 1111  Operation# 60
%%   2040 ns    Log    INFO      in manager_1,                             Write Address.  AWAddr: A000200C  AWProt: 000  Operation# 60
%%   2050 ns    Log    PASSED    in manager_1: WriteResponse Scoreboard,   Received: 0   Item Number: 59
%%   2050 ns    Log    ALWAYS    in Default,                               Interrupt Handler Done


%%   2060 ns    Log    PASSED    in manager_1: WriteResponse Scoreboard,   Received: 0   Item Number: 60
%%   2060 ns    Log    ALWAYS    in Default,                               WaitForClock #1 finished
%%   2070 ns    Log    ALWAYS    in Default,                               WaitForClock #2 finished


%%   2070 ns    Log    ALWAYS    in Default,                               Main Starting Reads.  Loop #5
%%   2070 ns    Log    INFO      in manager_1,                             Read Address.  ARAddr: A0002000  ARProt: 000  Operation# 57
%%   2090 ns    Log    PASSED    in manager_1: ReadResponse Scoreboard,    Received: 0   Item Number: 57
%%   2090 ns    Log    PASSED    in manager_1: Data Check,                 Read Data: 00000050  Read Address: A0002000  Prot: 0
%%   2090 ns    Log    INFO      in manager_1,                             Read Address.  ARAddr: A0002004  ARProt: 000  Operation# 58
%%   2110 ns    Log    PASSED    in manager_1: ReadResponse Scoreboard,    Received: 0   Item Number: 58
%%   2110 ns    Log    PASSED    in manager_1: Data Check,                 Read Data: 00000051  Read Address: A0002004  Prot: 0
%%   2110 ns    Log    INFO      in manager_1,                             Read Address.  ARAddr: A0002008  ARProt: 000  Operation# 59
%%   2130 ns    Log    PASSED    in manager_1: ReadResponse Scoreboard,    Received: 0   Item Number: 59
%%   2130 ns    Log    PASSED    in manager_1: Data Check,                 Read Data: 00000052  Read Address: A0002008  Prot: 0
%%   2130 ns    Log    INFO      in manager_1,                             Read Address.  ARAddr: A000200C  ARProt: 000  Operation# 60
%%   2150 ns    Log    PASSED    in manager_1: ReadResponse Scoreboard,    Received: 0   Item Number: 60
%%   2150 ns    Log    PASSED    in manager_1: Data Check,                 Read Data: 00000053  Read Address: A000200C  Prot: 0


%%   2150 ns    Log    ALWAYS    in Default,                               Main Starting Writes.  Loop #6
%%   2150 ns    Log    INFO      in manager_1,                             Write Data.  WData: 00000060  WStrb: 1111  Operation# 61
%%   2150 ns    Log    INFO      in manager_1,                             Write Address.  AWAddr: 10000000  AWProt: 000  Operation# 61
%%   2160 ns    Log    INFO      in manager_1,                             Write Data.  WData: 00000061  WStrb: 1111  Operation# 62
%%   2160 ns    Log    INFO      in manager_1,                             Write Address.  AWAddr: 10000004  AWProt: 000  Operation# 62
%%   2170 ns    Log    PASSED    in manager_1: WriteResponse Scoreboard,   Received: 0   Item Number: 61
%%   2170 ns    Log    INFO      in manager_1,                             Write Data.  WData: 00000062  WStrb: 1111  Operation# 63
%%   2170 ns    Log    INFO      in manager_1,                             Write Address.  AWAddr: 10000008  AWProt: 000  Operation# 63
%%   2180 ns    Log    PASSED    in manager_1: WriteResponse Scoreboard,   Received: 0   Item Number: 62
%%   2180 ns    Log    INFO      in manager_1,                             Write Data.  WData: 00000063  WStrb: 1111  Operation# 64
%%   2180 ns    Log    INFO      in manager_1,                             Write Address.  AWAddr: 1000000C  AWProt: 000  Operation# 64
%%   2190 ns    Log    PASSED    in manager_1: WriteResponse Scoreboard,   Received: 0   Item Number: 63
%%   2200 ns    Log    PASSED    in manager_1: WriteResponse Scoreboard,   Received: 0   Item Number: 64
%%   2200 ns    Log    INFO      in manager_1,                             Write Data.  WData: 00000064  WStrb: 1111  Operation# 65
%%   2200 ns    Log    INFO      in manager_1,                             Write Address.  AWAddr: 10000010  AWProt: 000  Operation# 65
%%   2210 ns    Log    INFO      in manager_1,                             Read Address.  ARAddr: 10000010  ARProt: 000  Operation# 61
%%   2220 ns    Log    PASSED    in manager_1: WriteResponse Scoreboard,   Received: 0   Item Number: 65
%%   2230 ns    Log    PASSED    in manager_1: ReadResponse Scoreboard,    Received: 0   Item Number: 61
%%   2230 ns    Log    PASSED    in manager_1: Data Check,                 Read Data: 00000064  Read Address: 10000010  Prot: 0
%%   2230 ns    Log    INFO      in manager_1,                             Write Data.  WData: 00000065  WStrb: 1111  Operation# 66
%%   2230 ns    Log    INFO      in manager_1,                             Write Address.  AWAddr: 10000014  AWProt: 000  Operation# 66
%%   2240 ns    Log    INFO      in manager_1,                             Read Address.  ARAddr: 10000014  ARProt: 000  Operation# 62
%%   2250 ns    Log    PASSED    in manager_1: WriteResponse Scoreboard,   Received: 0   Item Number: 66
%%   2255 ns    Log    ALWAYS    in Default,                               IntReq(0) 1    IntReq 00000000000000000000000000000001
%%   2260 ns    Log    PASSED    in manager_1: ReadResponse Scoreboard,    Received: 0   Item Number: 62
%%   2260 ns    Log    PASSED    in manager_1: Data Check,                 Read Data: 00000065  Read Address: 10000014  Prot: 0


%%   2270 ns    Log    ALWAYS    in Default,                               Interrupt Handler Started
%%   2270 ns    Log    INFO      in manager_1,                             Read Address.  ARAddr: 10000000  ARProt: 000  Operation# 63
%%   2290 ns    Log    PASSED    in manager_1: ReadResponse Scoreboard,    Received: 0   Item Number: 63
%%   2290 ns    Log    PASSED    in manager_1: Data Check,                 Read Data: 00000060  Read Address: 10000000  Prot: 0
%%   2290 ns    Log    INFO      in manager_1,                             Read Address.  ARAddr: 10000004  ARProt: 000  Operation# 64
%%   2300 ns    Log    ALWAYS    in Default,                               IntReq(0) 0    IntReq 00000000000000000000000000000000
%%   2310 ns    Log    PASSED    in manager_1: ReadResponse Scoreboard,    Received: 0   Item Number: 64
%%   2310 ns    Log    PASSED    in manager_1: Data Check,                 Read Data: 00000061  Read Address: 10000004  Prot: 0
%%   2310 ns    Log    INFO      in manager_1,                             Read Address.  ARAddr: 10000008  ARProt: 000  Operation# 65
%%   2330 ns    Log    PASSED    in manager_1: ReadResponse Scoreboard,    Received: 0   Item Number: 65
%%   2330 ns    Log    PASSED    in manager_1: Data Check,                 Read Data: 00000062  Read Address: 10000008  Prot: 0
%%   2330 ns    Log    INFO      in manager_1,                             Read Address.  ARAddr: 1000000C  ARProt: 000  Operation# 66
%%   2350 ns    Log    PASSED    in manager_1: ReadResponse Scoreboard,    Received: 0   Item Number: 66
%%   2350 ns    Log    PASSED    in manager_1: Data Check,                 Read Data: 00000063  Read Address: 1000000C  Prot: 0
%%   2350 ns    Log    INFO      in manager_1,                             Write Data.  WData: 00000060  WStrb: 1111  Operation# 67
%%   2350 ns    Log    INFO      in manager_1,                             Write Address.  AWAddr: A0002000  AWProt: 000  Operation# 67
%%   2360 ns    Log    INFO      in manager_1,                             Write Data.  WData: 00000061  WStrb: 1111  Operation# 68
%%   2360 ns    Log    INFO      in manager_1,                             Write Address.  AWAddr: A0002004  AWProt: 000  Operation# 68
%%   2370 ns    Log    PASSED    in manager_1: WriteResponse Scoreboard,   Received: 0   Item Number: 67
%%   2370 ns    Log    INFO      in manager_1,                             Write Data.  WData: 00000062  WStrb: 1111  Operation# 69
%%   2370 ns    Log    INFO      in manager_1,                             Write Address.  AWAddr: A0002008  AWProt: 000  Operation# 69
%%   2380 ns    Log    PASSED    in manager_1: WriteResponse Scoreboard,   Received: 0   Item Number: 68
%%   2380 ns    Log    INFO      in manager_1,                             Write Data.  WData: 00000063  WStrb: 1111  Operation# 70
%%   2380 ns    Log    INFO      in manager_1,                             Write Address.  AWAddr: A000200C  AWProt: 000  Operation# 70
%%   2390 ns    Log    PASSED    in manager_1: WriteResponse Scoreboard,   Received: 0   Item Number: 69
%%   2390 ns    Log    ALWAYS    in Default,                               Interrupt Handler Done


%%   2400 ns    Log    PASSED    in manager_1: WriteResponse Scoreboard,   Received: 0   Item Number: 70
%%   2400 ns    Log    ALWAYS    in Default,                               WaitForClock #1 finished
%%   2410 ns    Log    ALWAYS    in Default,                               WaitForClock #2 finished


%%   2410 ns    Log    ALWAYS    in Default,                               Main Starting Reads.  Loop #6
%%   2410 ns    Log    INFO      in manager_1,                             Read Address.  ARAddr: A0002000  ARProt: 000  Operation# 67
%%   2430 ns    Log    PASSED    in manager_1: ReadResponse Scoreboard,    Received: 0   Item Number: 67
%%   2430 ns    Log    PASSED    in manager_1: Data Check,                 Read Data: 00000060  Read Address: A0002000  Prot: 0
%%   2430 ns    Log    INFO      in manager_1,                             Read Address.  ARAddr: A0002004  ARProt: 000  Operation# 68
%%   2450 ns    Log    PASSED    in manager_1: ReadResponse Scoreboard,    Received: 0   Item Number: 68
%%   2450 ns    Log    PASSED    in manager_1: Data Check,                 Read Data: 00000061  Read Address: A0002004  Prot: 0
%%   2450 ns    Log    INFO      in manager_1,                             Read Address.  ARAddr: A0002008  ARProt: 000  Operation# 69
%%   2470 ns    Log    PASSED    in manager_1: ReadResponse Scoreboard,    Received: 0   Item Number: 69
%%   2470 ns    Log    PASSED    in manager_1: Data Check,                 Read Data: 00000062  Read Address: A0002008  Prot: 0
%%   2470 ns    Log    INFO      in manager_1,                             Read Address.  ARAddr: A000200C  ARProt: 000  Operation# 70
%%   2490 ns    Log    PASSED    in manager_1: ReadResponse Scoreboard,    Received: 0   Item Number: 70
%%   2490 ns    Log    PASSED    in manager_1: Data Check,                 Read Data: 00000063  Read Address: A000200C  Prot: 0


%%   2490 ns    Log    ALWAYS    in Default,                               Main Starting Writes.  Loop #7
%%   2490 ns    Log    INFO      in manager_1,                             Write Data.  WData: 00000070  WStrb: 1111  Operation# 71
%%   2490 ns    Log    INFO      in manager_1,                             Write Address.  AWAddr: 10000000  AWProt: 000  Operation# 71
%%   2500 ns    Log    INFO      in manager_1,                             Write Data.  WData: 00000071  WStrb: 1111  Operation# 72
%%   2500 ns    Log    INFO      in manager_1,                             Write Address.  AWAddr: 10000004  AWProt: 000  Operation# 72
%%   2510 ns    Log    PASSED    in manager_1: WriteResponse Scoreboard,   Received: 0   Item Number: 71
%%   2510 ns    Log    INFO      in manager_1,                             Write Data.  WData: 00000072  WStrb: 1111  Operation# 73
%%   2510 ns    Log    INFO      in manager_1,                             Write Address.  AWAddr: 10000008  AWProt: 000  Operation# 73
%%   2520 ns    Log    PASSED    in manager_1: WriteResponse Scoreboard,   Received: 0   Item Number: 72
%%   2520 ns    Log    INFO      in manager_1,                             Write Data.  WData: 00000073  WStrb: 1111  Operation# 74
%%   2520 ns    Log    INFO      in manager_1,                             Write Address.  AWAddr: 1000000C  AWProt: 000  Operation# 74
%%   2530 ns    Log    PASSED    in manager_1: WriteResponse Scoreboard,   Received: 0   Item Number: 73
%%   2540 ns    Log    PASSED    in manager_1: WriteResponse Scoreboard,   Received: 0   Item Number: 74
%%   2540 ns    Log    INFO      in manager_1,                             Write Data.  WData: 00000074  WStrb: 1111  Operation# 75
%%   2540 ns    Log    INFO      in manager_1,                             Write Address.  AWAddr: 10000010  AWProt: 000  Operation# 75
%%   2550 ns    Log    INFO      in manager_1,                             Read Address.  ARAddr: 10000010  ARProt: 000  Operation# 71
%%   2560 ns    Log    PASSED    in manager_1: WriteResponse Scoreboard,   Received: 0   Item Number: 75
%%   2570 ns    Log    PASSED    in manager_1: ReadResponse Scoreboard,    Received: 0   Item Number: 71
%%   2570 ns    Log    PASSED    in manager_1: Data Check,                 Read Data: 00000074  Read Address: 10000010  Prot: 0
%%   2570 ns    Log    INFO      in manager_1,                             Write Data.  WData: 00000075  WStrb: 1111  Operation# 76
%%   2570 ns    Log    INFO      in manager_1,                             Write Address.  AWAddr: 10000014  AWProt: 000  Operation# 76
%%   2580 ns    Log    INFO      in manager_1,                             Read Address.  ARAddr: 10000014  ARProt: 000  Operation# 72
%%   2590 ns    Log    PASSED    in manager_1: WriteResponse Scoreboard,   Received: 0   Item Number: 76
%%   2600 ns    Log    PASSED    in manager_1: ReadResponse Scoreboard,    Received: 0   Item Number: 72
%%   2600 ns    Log    PASSED    in manager_1: Data Check,                 Read Data: 00000075  Read Address: 10000014  Prot: 0
%%   2605 ns    Log    ALWAYS    in Default,                               IntReq(0) 0    IntReq 00000000000000000000000000000010
%%   2610 ns    Log    ALWAYS    in Default,                               WaitForClock #1 finished


%%   2620 ns    Log    ALWAYS    in Default,                               Interrupt Handler Started
%%   2620 ns    Log    INFO      in manager_1,                             Read Address.  ARAddr: 10000000  ARProt: 000  Operation# 73
%%   2640 ns    Log    PASSED    in manager_1: ReadResponse Scoreboard,    Received: 0   Item Number: 73
%%   2640 ns    Log    PASSED    in manager_1: Data Check,                 Read Data: 00000070  Read Address: 10000000  Prot: 0
%%   2640 ns    Log    INFO      in manager_1,                             Read Address.  ARAddr: 10000004  ARProt: 000  Operation# 74
%%   2650 ns    Log    ALWAYS    in Default,                               IntReq(0) 0    IntReq 00000000000000000000000000000000
%%   2660 ns    Log    PASSED    in manager_1: ReadResponse Scoreboard,    Received: 0   Item Number: 74
%%   2660 ns    Log    PASSED    in manager_1: Data Check,                 Read Data: 00000071  Read Address: 10000004  Prot: 0
%%   2660 ns    Log    INFO      in manager_1,                             Read Address.  ARAddr: 10000008  ARProt: 000  Operation# 75
%%   2680 ns    Log    PASSED    in manager_1: ReadResponse Scoreboard,    Received: 0   Item Number: 75
%%   2680 ns    Log    PASSED    in manager_1: Data Check,                 Read Data: 00000072  Read Address: 10000008  Prot: 0
%%   2680 ns    Log    INFO      in manager_1,                             Read Address.  ARAddr: 1000000C  ARProt: 000  Operation# 76
%%   2700 ns    Log    PASSED    in manager_1: ReadResponse Scoreboard,    Received: 0   Item Number: 76
%%   2700 ns    Log    PASSED    in manager_1: Data Check,                 Read Data: 00000073  Read Address: 1000000C  Prot: 0
%%   2700 ns    Log    INFO      in manager_1,                             Write Data.  WData: 00000070  WStrb: 1111  Operation# 77
%%   2700 ns    Log    INFO      in manager_1,                             Write Address.  AWAddr: A0002000  AWProt: 000  Operation# 77
%%   2710 ns    Log    INFO      in manager_1,                             Write Data.  WData: 00000071  WStrb: 1111  Operation# 78
%%   2710 ns    Log    INFO      in manager_1,                             Write Address.  AWAddr: A0002004  AWProt: 000  Operation# 78
%%   2720 ns    Log    PASSED    in manager_1: WriteResponse Scoreboard,   Received: 0   Item Number: 77
%%   2720 ns    Log    INFO      in manager_1,                             Write Data.  WData: 00000072  WStrb: 1111  Operation# 79
%%   2720 ns    Log    INFO      in manager_1,                             Write Address.  AWAddr: A0002008  AWProt: 000  Operation# 79
%%   2730 ns    Log    PASSED    in manager_1: WriteResponse Scoreboard,   Received: 0   Item Number: 78
%%   2730 ns    Log    INFO      in manager_1,                             Write Data.  WData: 00000073  WStrb: 1111  Operation# 80
%%   2730 ns    Log    INFO      in manager_1,                             Write Address.  AWAddr: A000200C  AWProt: 000  Operation# 80
%%   2740 ns    Log    PASSED    in manager_1: WriteResponse Scoreboard,   Received: 0   Item Number: 79
%%   2740 ns    Log    ALWAYS    in Default,                               Interrupt Handler Done


%%   2750 ns    Log    PASSED    in manager_1: WriteResponse Scoreboard,   Received: 0   Item Number: 80
%%   2750 ns    Log    ALWAYS    in Default,                               WaitForClock #2 finished


%%   2750 ns    Log    ALWAYS    in Default,                               Main Starting Reads.  Loop #7
%%   2750 ns    Log    INFO      in manager_1,                             Read Address.  ARAddr: A0002000  ARProt: 000  Operation# 77
%%   2770 ns    Log    PASSED    in manager_1: ReadResponse Scoreboard,    Received: 0   Item Number: 77
%%   2770 ns    Log    PASSED    in manager_1: Data Check,                 Read Data: 00000070  Read Address: A0002000  Prot: 0
%%   2770 ns    Log    INFO      in manager_1,                             Read Address.  ARAddr: A0002004  ARProt: 000  Operation# 78
%%   2790 ns    Log    PASSED    in manager_1: ReadResponse Scoreboard,    Received: 0   Item Number: 78
%%   2790 ns    Log    PASSED    in manager_1: Data Check,                 Read Data: 00000071  Read Address: A0002004  Prot: 0
%%   2790 ns    Log    INFO      in manager_1,                             Read Address.  ARAddr: A0002008  ARProt: 000  Operation# 79
%%   2810 ns    Log    PASSED    in manager_1: ReadResponse Scoreboard,    Received: 0   Item Number: 79
%%   2810 ns    Log    PASSED    in manager_1: Data Check,                 Read Data: 00000072  Read Address: A0002008  Prot: 0
%%   2810 ns    Log    INFO      in manager_1,                             Read Address.  ARAddr: A000200C  ARProt: 000  Operation# 80
%%   2830 ns    Log    PASSED    in manager_1: ReadResponse Scoreboard,    Received: 0   Item Number: 80
%%   2830 ns    Log    PASSED    in manager_1: Data Check,                 Read Data: 00000073  Read Address: A000200C  Prot: 0
