

%%    110 ns    Log    ALWAYS    in Default,                               Main Starting Writes.  Loop #0
%%    110 ns    Log    INFO      in manager_1,                             Write Data.  WData: 00000000  WStrb: 1111  Operation# 1
%%    110 ns    Log    INFO      in manager_1,                             Write Address.  AWAddr: 10000000  AWProt: 000  Operation# 1
%%    120 ns    Log    INFO      in manager_1,                             Write Data.  WData: 00000001  WStrb: 1111  Operation# 2
%%    130 ns    Log    INFO      in manager_1,                             Write Data.  WData: 00000002  WStrb: 1111  Operation# 3
%%    140 ns    Log    INFO      in manager_1,                             Write Data.  WData: 00000003  WStrb: 1111  Operation# 4
%%    155 ns    Log    ALWAYS    in Default,                               IntReq(0) 1    IntReq 00000000000000000000000000000001
%%    160 ns    Log    PASSED    in manager_1: WriteResponse Scoreboard,   Received: 0   Item Number: 1


%%    170 ns    Log    ALWAYS    in Default,                               Interrupt Handler Started
%%    170 ns    Log    INFO      in manager_1,                             Read Address.  ARAddr: 10000000  ARProt: 000  Operation# 1
%%    190 ns    Log    PASSED    in manager_1: ReadResponse Scoreboard,    Received: 0   Item Number: 1
%%    200 ns    Log    PASSED    in manager_1: ReadResponse Scoreboard,    Received: 0   Item Number: 2
%%    210 ns    Log    PASSED    in manager_1: ReadResponse Scoreboard,    Received: 0   Item Number: 3
%%    220 ns    Log    PASSED    in manager_1: ReadResponse Scoreboard,    Received: 0   Item Number: 4
%%    220 ns    Log    PASSED    in interrupthandler_1: ReadBurstFifo,     Received: 00000000   Item Number: 1
%%    220 ns    Log    PASSED    in interrupthandler_1: ReadBurstFifo,     Received: 00000001   Item Number: 2
%%    220 ns    Log    PASSED    in interrupthandler_1: ReadBurstFifo,     Received: 00000002   Item Number: 3
%%    220 ns    Log    PASSED    in interrupthandler_1: ReadBurstFifo,     Received: 00000003   Item Number: 4
%%    220 ns    Log    INFO      in manager_1,                             Write Data.  WData: 00000010  WStrb: 1111  Operation# 5
%%    220 ns    Log    INFO      in manager_1,                             Write Address.  AWAddr: A0002000  AWProt: 000  Operation# 2
%%    230 ns    Log    INFO      in manager_1,                             Write Data.  WData: 00000011  WStrb: 1111  Operation# 6
%%    230 ns    Log    ALWAYS    in Default,                               IntReq(0) 0    IntReq 00000000000000000000000000000000
%%    240 ns    Log    INFO      in manager_1,                             Write Data.  WData: 00000012  WStrb: 1111  Operation# 7
%%    250 ns    Log    INFO      in manager_1,                             Write Data.  WData: 00000013  WStrb: 1111  Operation# 8
%%    260 ns    Log    ALWAYS    in Default,                               Interrupt Handler Done


%%    260 ns    Log    INFO      in manager_1,                             Write Data.  WData: 00000004  WStrb: 1111  Operation# 9
%%    260 ns    Log    INFO      in manager_1,                             Write Address.  AWAddr: 20000000  AWProt: 000  Operation# 3
%%    270 ns    Log    PASSED    in manager_1: WriteResponse Scoreboard,   Received: 0   Item Number: 2
%%    270 ns    Log    INFO      in manager_1,                             Write Data.  WData: 00000005  WStrb: 1111  Operation# 10
%%    280 ns    Log    INFO      in manager_1,                             Write Data.  WData: 00000006  WStrb: 1111  Operation# 11
%%    290 ns    Log    INFO      in manager_1,                             Write Data.  WData: 00000007  WStrb: 1111  Operation# 12
%%    300 ns    Log    INFO      in manager_1,                             Read Address.  ARAddr: 20000000  ARProt: 000  Operation# 2
%%    310 ns    Log    PASSED    in manager_1: WriteResponse Scoreboard,   Received: 0   Item Number: 3
%%    320 ns    Log    PASSED    in manager_1: ReadResponse Scoreboard,    Received: 0   Item Number: 5
%%    330 ns    Log    PASSED    in manager_1: ReadResponse Scoreboard,    Received: 0   Item Number: 6
%%    340 ns    Log    PASSED    in manager_1: ReadResponse Scoreboard,    Received: 0   Item Number: 7
%%    350 ns    Log    PASSED    in manager_1: ReadResponse Scoreboard,    Received: 0   Item Number: 8
%%    350 ns    Log    PASSED    in manager_1: ReadBurstFifo,              Received: 00000004   Item Number: 1
%%    350 ns    Log    PASSED    in manager_1: ReadBurstFifo,              Received: 00000005   Item Number: 2
%%    350 ns    Log    PASSED    in manager_1: ReadBurstFifo,              Received: 00000006   Item Number: 3
%%    350 ns    Log    PASSED    in manager_1: ReadBurstFifo,              Received: 00000007   Item Number: 4
%%    360 ns    Log    ALWAYS    in Default,                               WaitForClock #1 finished
%%    370 ns    Log    ALWAYS    in Default,                               WaitForClock #2 finished


%%    370 ns    Log    ALWAYS    in Default,                               Main Starting Reads.  Loop #0
%%    370 ns    Log    INFO      in manager_1,                             Read Address.  ARAddr: A0002000  ARProt: 000  Operation# 3
%%    390 ns    Log    PASSED    in manager_1: ReadResponse Scoreboard,    Received: 0   Item Number: 9
%%    400 ns    Log    PASSED    in manager_1: ReadResponse Scoreboard,    Received: 0   Item Number: 10
%%    410 ns    Log    PASSED    in manager_1: ReadResponse Scoreboard,    Received: 0   Item Number: 11
%%    420 ns    Log    PASSED    in manager_1: ReadResponse Scoreboard,    Received: 0   Item Number: 12
%%    420 ns    Log    PASSED    in manager_1: ReadBurstFifo,              Received: 00000010   Item Number: 5
%%    420 ns    Log    PASSED    in manager_1: ReadBurstFifo,              Received: 00000011   Item Number: 6
%%    420 ns    Log    PASSED    in manager_1: ReadBurstFifo,              Received: 00000012   Item Number: 7
%%    420 ns    Log    PASSED    in manager_1: ReadBurstFifo,              Received: 00000013   Item Number: 8


%%    420 ns    Log    ALWAYS    in Default,                               Main Starting Writes.  Loop #1
%%    420 ns    Log    INFO      in manager_1,                             Write Data.  WData: 00000010  WStrb: 1111  Operation# 13
%%    420 ns    Log    INFO      in manager_1,                             Write Address.  AWAddr: 10000000  AWProt: 000  Operation# 4
%%    430 ns    Log    INFO      in manager_1,                             Write Data.  WData: 00000011  WStrb: 1111  Operation# 14
%%    440 ns    Log    INFO      in manager_1,                             Write Data.  WData: 00000012  WStrb: 1111  Operation# 15
%%    450 ns    Log    INFO      in manager_1,                             Write Data.  WData: 00000013  WStrb: 1111  Operation# 16
%%    470 ns    Log    PASSED    in manager_1: WriteResponse Scoreboard,   Received: 0   Item Number: 4
%%    470 ns    Log    INFO      in manager_1,                             Write Data.  WData: 00000014  WStrb: 1111  Operation# 17
%%    470 ns    Log    INFO      in manager_1,                             Write Address.  AWAddr: 20000000  AWProt: 000  Operation# 5
%%    475 ns    Log    ALWAYS    in Default,                               IntReq(0) 1    IntReq 00000000000000000000000000000001
%%    480 ns    Log    INFO      in manager_1,                             Write Data.  WData: 00000015  WStrb: 1111  Operation# 18
%%    490 ns    Log    INFO      in manager_1,                             Write Data.  WData: 00000016  WStrb: 1111  Operation# 19
%%    500 ns    Log    INFO      in manager_1,                             Write Data.  WData: 00000017  WStrb: 1111  Operation# 20
%%    520 ns    Log    PASSED    in manager_1: WriteResponse Scoreboard,   Received: 0   Item Number: 5


%%    520 ns    Log    ALWAYS    in Default,                               Interrupt Handler Started
%%    520 ns    Log    INFO      in manager_1,                             Read Address.  ARAddr: 10000000  ARProt: 000  Operation# 4
%%    540 ns    Log    PASSED    in manager_1: ReadResponse Scoreboard,    Received: 0   Item Number: 13
%%    550 ns    Log    PASSED    in manager_1: ReadResponse Scoreboard,    Received: 0   Item Number: 14
%%    550 ns    Log    ALWAYS    in Default,                               IntReq(0) 0    IntReq 00000000000000000000000000000000
%%    560 ns    Log    PASSED    in manager_1: ReadResponse Scoreboard,    Received: 0   Item Number: 15
%%    570 ns    Log    PASSED    in manager_1: ReadResponse Scoreboard,    Received: 0   Item Number: 16
%%    570 ns    Log    PASSED    in interrupthandler_1: ReadBurstFifo,     Received: 00000010   Item Number: 5
%%    570 ns    Log    PASSED    in interrupthandler_1: ReadBurstFifo,     Received: 00000011   Item Number: 6
%%    570 ns    Log    PASSED    in interrupthandler_1: ReadBurstFifo,     Received: 00000012   Item Number: 7
%%    570 ns    Log    PASSED    in interrupthandler_1: ReadBurstFifo,     Received: 00000013   Item Number: 8
%%    570 ns    Log    INFO      in manager_1,                             Write Data.  WData: 00000020  WStrb: 1111  Operation# 21
%%    570 ns    Log    INFO      in manager_1,                             Write Address.  AWAddr: A0002000  AWProt: 000  Operation# 6
%%    580 ns    Log    INFO      in manager_1,                             Write Data.  WData: 00000021  WStrb: 1111  Operation# 22
%%    590 ns    Log    INFO      in manager_1,                             Write Data.  WData: 00000022  WStrb: 1111  Operation# 23
%%    600 ns    Log    INFO      in manager_1,                             Write Data.  WData: 00000023  WStrb: 1111  Operation# 24
%%    610 ns    Log    ALWAYS    in Default,                               Interrupt Handler Done


%%    610 ns    Log    INFO      in manager_1,                             Read Address.  ARAddr: 20000000  ARProt: 000  Operation# 5
%%    620 ns    Log    PASSED    in manager_1: WriteResponse Scoreboard,   Received: 0   Item Number: 6
%%    630 ns    Log    PASSED    in manager_1: ReadResponse Scoreboard,    Received: 0   Item Number: 17
%%    640 ns    Log    PASSED    in manager_1: ReadResponse Scoreboard,    Received: 0   Item Number: 18
%%    650 ns    Log    PASSED    in manager_1: ReadResponse Scoreboard,    Received: 0   Item Number: 19
%%    660 ns    Log    PASSED    in manager_1: ReadResponse Scoreboard,    Received: 0   Item Number: 20
%%    660 ns    Log    PASSED    in manager_1: ReadBurstFifo,              Received: 00000014   Item Number: 9
%%    660 ns    Log    PASSED    in manager_1: ReadBurstFifo,              Received: 00000015   Item Number: 10
%%    660 ns    Log    PASSED    in manager_1: ReadBurstFifo,              Received: 00000016   Item Number: 11
%%    660 ns    Log    PASSED    in manager_1: ReadBurstFifo,              Received: 00000017   Item Number: 12
%%    670 ns    Log    ALWAYS    in Default,                               WaitForClock #1 finished
%%    680 ns    Log    ALWAYS    in Default,                               WaitForClock #2 finished


%%    680 ns    Log    ALWAYS    in Default,                               Main Starting Reads.  Loop #1
%%    680 ns    Log    INFO      in manager_1,                             Read Address.  ARAddr: A0002000  ARProt: 000  Operation# 6
%%    700 ns    Log    PASSED    in manager_1: ReadResponse Scoreboard,    Received: 0   Item Number: 21
%%    710 ns    Log    PASSED    in manager_1: ReadResponse Scoreboard,    Received: 0   Item Number: 22
%%    720 ns    Log    PASSED    in manager_1: ReadResponse Scoreboard,    Received: 0   Item Number: 23
%%    730 ns    Log    PASSED    in manager_1: ReadResponse Scoreboard,    Received: 0   Item Number: 24
%%    730 ns    Log    PASSED    in manager_1: ReadBurstFifo,              Received: 00000020   Item Number: 13
%%    730 ns    Log    PASSED    in manager_1: ReadBurstFifo,              Received: 00000021   Item Number: 14
%%    730 ns    Log    PASSED    in manager_1: ReadBurstFifo,              Received: 00000022   Item Number: 15
%%    730 ns    Log    PASSED    in manager_1: ReadBurstFifo,              Received: 00000023   Item Number: 16


%%    730 ns    Log    ALWAYS    in Default,                               Main Starting Writes.  Loop #2
%%    730 ns    Log    INFO      in manager_1,                             Write Data.  WData: 00000020  WStrb: 1111  Operation# 25
%%    730 ns    Log    INFO      in manager_1,                             Write Address.  AWAddr: 10000000  AWProt: 000  Operation# 7
%%    740 ns    Log    INFO      in manager_1,                             Write Data.  WData: 00000021  WStrb: 1111  Operation# 26
%%    750 ns    Log    INFO      in manager_1,                             Write Data.  WData: 00000022  WStrb: 1111  Operation# 27
%%    760 ns    Log    INFO      in manager_1,                             Write Data.  WData: 00000023  WStrb: 1111  Operation# 28
%%    780 ns    Log    PASSED    in manager_1: WriteResponse Scoreboard,   Received: 0   Item Number: 7
%%    780 ns    Log    INFO      in manager_1,                             Write Data.  WData: 00000024  WStrb: 1111  Operation# 29
%%    780 ns    Log    INFO      in manager_1,                             Write Address.  AWAddr: 20000000  AWProt: 000  Operation# 8
%%    790 ns    Log    INFO      in manager_1,                             Write Data.  WData: 00000025  WStrb: 1111  Operation# 30
%%    795 ns    Log    ALWAYS    in Default,                               IntReq(0) 1    IntReq 00000000000000000000000000000001
%%    800 ns    Log    INFO      in manager_1,                             Write Data.  WData: 00000026  WStrb: 1111  Operation# 31
%%    810 ns    Log    INFO      in manager_1,                             Write Data.  WData: 00000027  WStrb: 1111  Operation# 32
%%    830 ns    Log    PASSED    in manager_1: WriteResponse Scoreboard,   Received: 0   Item Number: 8


%%    830 ns    Log    ALWAYS    in Default,                               Interrupt Handler Started
%%    830 ns    Log    INFO      in manager_1,                             Read Address.  ARAddr: 10000000  ARProt: 000  Operation# 7
%%    850 ns    Log    PASSED    in manager_1: ReadResponse Scoreboard,    Received: 0   Item Number: 25
%%    860 ns    Log    PASSED    in manager_1: ReadResponse Scoreboard,    Received: 0   Item Number: 26
%%    870 ns    Log    PASSED    in manager_1: ReadResponse Scoreboard,    Received: 0   Item Number: 27
%%    870 ns    Log    ALWAYS    in Default,                               IntReq(0) 0    IntReq 00000000000000000000000000000000
%%    880 ns    Log    PASSED    in manager_1: ReadResponse Scoreboard,    Received: 0   Item Number: 28
%%    880 ns    Log    PASSED    in interrupthandler_1: ReadBurstFifo,     Received: 00000020   Item Number: 9
%%    880 ns    Log    PASSED    in interrupthandler_1: ReadBurstFifo,     Received: 00000021   Item Number: 10
%%    880 ns    Log    PASSED    in interrupthandler_1: ReadBurstFifo,     Received: 00000022   Item Number: 11
%%    880 ns    Log    PASSED    in interrupthandler_1: ReadBurstFifo,     Received: 00000023   Item Number: 12
%%    880 ns    Log    INFO      in manager_1,                             Write Data.  WData: 00000030  WStrb: 1111  Operation# 33
%%    880 ns    Log    INFO      in manager_1,                             Write Address.  AWAddr: A0002000  AWProt: 000  Operation# 9
%%    890 ns    Log    INFO      in manager_1,                             Write Data.  WData: 00000031  WStrb: 1111  Operation# 34
%%    900 ns    Log    INFO      in manager_1,                             Write Data.  WData: 00000032  WStrb: 1111  Operation# 35
%%    910 ns    Log    INFO      in manager_1,                             Write Data.  WData: 00000033  WStrb: 1111  Operation# 36
%%    920 ns    Log    ALWAYS    in Default,                               Interrupt Handler Done


%%    920 ns    Log    INFO      in manager_1,                             Read Address.  ARAddr: 20000000  ARProt: 000  Operation# 8
%%    930 ns    Log    PASSED    in manager_1: WriteResponse Scoreboard,   Received: 0   Item Number: 9
%%    940 ns    Log    PASSED    in manager_1: ReadResponse Scoreboard,    Received: 0   Item Number: 29
%%    950 ns    Log    PASSED    in manager_1: ReadResponse Scoreboard,    Received: 0   Item Number: 30
%%    960 ns    Log    PASSED    in manager_1: ReadResponse Scoreboard,    Received: 0   Item Number: 31
%%    970 ns    Log    PASSED    in manager_1: ReadResponse Scoreboard,    Received: 0   Item Number: 32
%%    970 ns    Log    PASSED    in manager_1: ReadBurstFifo,              Received: 00000024   Item Number: 17
%%    970 ns    Log    PASSED    in manager_1: ReadBurstFifo,              Received: 00000025   Item Number: 18
%%    970 ns    Log    PASSED    in manager_1: ReadBurstFifo,              Received: 00000026   Item Number: 19
%%    970 ns    Log    PASSED    in manager_1: ReadBurstFifo,              Received: 00000027   Item Number: 20
%%    980 ns    Log    ALWAYS    in Default,                               WaitForClock #1 finished
%%    990 ns    Log    ALWAYS    in Default,                               WaitForClock #2 finished


%%    990 ns    Log    ALWAYS    in Default,                               Main Starting Reads.  Loop #2
%%    990 ns    Log    INFO      in manager_1,                             Read Address.  ARAddr: A0002000  ARProt: 000  Operation# 9
%%   1010 ns    Log    PASSED    in manager_1: ReadResponse Scoreboard,    Received: 0   Item Number: 33
%%   1020 ns    Log    PASSED    in manager_1: ReadResponse Scoreboard,    Received: 0   Item Number: 34
%%   1030 ns    Log    PASSED    in manager_1: ReadResponse Scoreboard,    Received: 0   Item Number: 35
%%   1040 ns    Log    PASSED    in manager_1: ReadResponse Scoreboard,    Received: 0   Item Number: 36
%%   1040 ns    Log    PASSED    in manager_1: ReadBurstFifo,              Received: 00000030   Item Number: 21
%%   1040 ns    Log    PASSED    in manager_1: ReadBurstFifo,              Received: 00000031   Item Number: 22
%%   1040 ns    Log    PASSED    in manager_1: ReadBurstFifo,              Received: 00000032   Item Number: 23
%%   1040 ns    Log    PASSED    in manager_1: ReadBurstFifo,              Received: 00000033   Item Number: 24


%%   1040 ns    Log    ALWAYS    in Default,                               Main Starting Writes.  Loop #3
%%   1040 ns    Log    INFO      in manager_1,                             Write Data.  WData: 00000030  WStrb: 1111  Operation# 37
%%   1040 ns    Log    INFO      in manager_1,                             Write Address.  AWAddr: 10000000  AWProt: 000  Operation# 10
%%   1050 ns    Log    INFO      in manager_1,                             Write Data.  WData: 00000031  WStrb: 1111  Operation# 38
%%   1060 ns    Log    INFO      in manager_1,                             Write Data.  WData: 00000032  WStrb: 1111  Operation# 39
%%   1070 ns    Log    INFO      in manager_1,                             Write Data.  WData: 00000033  WStrb: 1111  Operation# 40
%%   1090 ns    Log    PASSED    in manager_1: WriteResponse Scoreboard,   Received: 0   Item Number: 10
%%   1090 ns    Log    INFO      in manager_1,                             Write Data.  WData: 00000034  WStrb: 1111  Operation# 41
%%   1090 ns    Log    INFO      in manager_1,                             Write Address.  AWAddr: 20000000  AWProt: 000  Operation# 11
%%   1100 ns    Log    INFO      in manager_1,                             Write Data.  WData: 00000035  WStrb: 1111  Operation# 42
%%   1110 ns    Log    INFO      in manager_1,                             Write Data.  WData: 00000036  WStrb: 1111  Operation# 43
%%   1115 ns    Log    ALWAYS    in Default,                               IntReq(0) 1    IntReq 00000000000000000000000000000001
%%   1120 ns    Log    INFO      in manager_1,                             Write Data.  WData: 00000037  WStrb: 1111  Operation# 44
%%   1140 ns    Log    PASSED    in manager_1: WriteResponse Scoreboard,   Received: 0   Item Number: 11


%%   1140 ns    Log    ALWAYS    in Default,                               Interrupt Handler Started
%%   1140 ns    Log    INFO      in manager_1,                             Read Address.  ARAddr: 10000000  ARProt: 000  Operation# 10
%%   1160 ns    Log    PASSED    in manager_1: ReadResponse Scoreboard,    Received: 0   Item Number: 37
%%   1170 ns    Log    PASSED    in manager_1: ReadResponse Scoreboard,    Received: 0   Item Number: 38
%%   1180 ns    Log    PASSED    in manager_1: ReadResponse Scoreboard,    Received: 0   Item Number: 39
%%   1190 ns    Log    PASSED    in manager_1: ReadResponse Scoreboard,    Received: 0   Item Number: 40
%%   1190 ns    Log    ALWAYS    in Default,                               IntReq(0) 0    IntReq 00000000000000000000000000000000
%%   1190 ns    Log    PASSED    in interrupthandler_1: ReadBurstFifo,     Received: 00000030   Item Number: 13
%%   1190 ns    Log    PASSED    in interrupthandler_1: ReadBurstFifo,     Received: 00000031   Item Number: 14
%%   1190 ns    Log    PASSED    in interrupthandler_1: ReadBurstFifo,     Received: 00000032   Item Number: 15
%%   1190 ns    Log    PASSED    in interrupthandler_1: ReadBurstFifo,     Received: 00000033   Item Number: 16
%%   1190 ns    Log    INFO      in manager_1,                             Write Data.  WData: 00000040  WStrb: 1111  Operation# 45
%%   1190 ns    Log    INFO      in manager_1,                             Write Address.  AWAddr: A0002000  AWProt: 000  Operation# 12
%%   1200 ns    Log    INFO      in manager_1,                             Write Data.  WData: 00000041  WStrb: 1111  Operation# 46
%%   1210 ns    Log    INFO      in manager_1,                             Write Data.  WData: 00000042  WStrb: 1111  Operation# 47
%%   1220 ns    Log    INFO      in manager_1,                             Write Data.  WData: 00000043  WStrb: 1111  Operation# 48
%%   1230 ns    Log    ALWAYS    in Default,                               Interrupt Handler Done


%%   1230 ns    Log    INFO      in manager_1,                             Read Address.  ARAddr: 20000000  ARProt: 000  Operation# 11
%%   1240 ns    Log    PASSED    in manager_1: WriteResponse Scoreboard,   Received: 0   Item Number: 12
%%   1250 ns    Log    PASSED    in manager_1: ReadResponse Scoreboard,    Received: 0   Item Number: 41
%%   1260 ns    Log    PASSED    in manager_1: ReadResponse Scoreboard,    Received: 0   Item Number: 42
%%   1270 ns    Log    PASSED    in manager_1: ReadResponse Scoreboard,    Received: 0   Item Number: 43
%%   1280 ns    Log    PASSED    in manager_1: ReadResponse Scoreboard,    Received: 0   Item Number: 44
%%   1280 ns    Log    PASSED    in manager_1: ReadBurstFifo,              Received: 00000034   Item Number: 25
%%   1280 ns    Log    PASSED    in manager_1: ReadBurstFifo,              Received: 00000035   Item Number: 26
%%   1280 ns    Log    PASSED    in manager_1: ReadBurstFifo,              Received: 00000036   Item Number: 27
%%   1280 ns    Log    PASSED    in manager_1: ReadBurstFifo,              Received: 00000037   Item Number: 28
%%   1290 ns    Log    ALWAYS    in Default,                               WaitForClock #1 finished
%%   1300 ns    Log    ALWAYS    in Default,                               WaitForClock #2 finished


%%   1300 ns    Log    ALWAYS    in Default,                               Main Starting Reads.  Loop #3
%%   1300 ns    Log    INFO      in manager_1,                             Read Address.  ARAddr: A0002000  ARProt: 000  Operation# 12
%%   1320 ns    Log    PASSED    in manager_1: ReadResponse Scoreboard,    Received: 0   Item Number: 45
%%   1330 ns    Log    PASSED    in manager_1: ReadResponse Scoreboard,    Received: 0   Item Number: 46
%%   1340 ns    Log    PASSED    in manager_1: ReadResponse Scoreboard,    Received: 0   Item Number: 47
%%   1350 ns    Log    PASSED    in manager_1: ReadResponse Scoreboard,    Received: 0   Item Number: 48
%%   1350 ns    Log    PASSED    in manager_1: ReadBurstFifo,              Received: 00000040   Item Number: 29
%%   1350 ns    Log    PASSED    in manager_1: ReadBurstFifo,              Received: 00000041   Item Number: 30
%%   1350 ns    Log    PASSED    in manager_1: ReadBurstFifo,              Received: 00000042   Item Number: 31
%%   1350 ns    Log    PASSED    in manager_1: ReadBurstFifo,              Received: 00000043   Item Number: 32


%%   1350 ns    Log    ALWAYS    in Default,                               Main Starting Writes.  Loop #4
%%   1350 ns    Log    INFO      in manager_1,                             Write Data.  WData: 00000040  WStrb: 1111  Operation# 49
%%   1350 ns    Log    INFO      in manager_1,                             Write Address.  AWAddr: 10000000  AWProt: 000  Operation# 13
%%   1360 ns    Log    INFO      in manager_1,                             Write Data.  WData: 00000041  WStrb: 1111  Operation# 50
%%   1370 ns    Log    INFO      in manager_1,                             Write Data.  WData: 00000042  WStrb: 1111  Operation# 51
%%   1380 ns    Log    INFO      in manager_1,                             Write Data.  WData: 00000043  WStrb: 1111  Operation# 52
%%   1400 ns    Log    PASSED    in manager_1: WriteResponse Scoreboard,   Received: 0   Item Number: 13
%%   1400 ns    Log    INFO      in manager_1,                             Write Data.  WData: 00000044  WStrb: 1111  Operation# 53
%%   1400 ns    Log    INFO      in manager_1,                             Write Address.  AWAddr: 20000000  AWProt: 000  Operation# 14
%%   1410 ns    Log    INFO      in manager_1,                             Write Data.  WData: 00000045  WStrb: 1111  Operation# 54
%%   1420 ns    Log    INFO      in manager_1,                             Write Data.  WData: 00000046  WStrb: 1111  Operation# 55
%%   1430 ns    Log    INFO      in manager_1,                             Write Data.  WData: 00000047  WStrb: 1111  Operation# 56
%%   1435 ns    Log    ALWAYS    in Default,                               IntReq(0) 1    IntReq 00000000000000000000000000000001
%%   1450 ns    Log    PASSED    in manager_1: WriteResponse Scoreboard,   Received: 0   Item Number: 14


%%   1450 ns    Log    ALWAYS    in Default,                               Interrupt Handler Started
%%   1450 ns    Log    INFO      in manager_1,                             Read Address.  ARAddr: 10000000  ARProt: 000  Operation# 13
%%   1470 ns    Log    PASSED    in manager_1: ReadResponse Scoreboard,    Received: 0   Item Number: 49
%%   1480 ns    Log    PASSED    in manager_1: ReadResponse Scoreboard,    Received: 0   Item Number: 50
%%   1490 ns    Log    PASSED    in manager_1: ReadResponse Scoreboard,    Received: 0   Item Number: 51
%%   1500 ns    Log    PASSED    in manager_1: ReadResponse Scoreboard,    Received: 0   Item Number: 52
%%   1500 ns    Log    PASSED    in interrupthandler_1: ReadBurstFifo,     Received: 00000040   Item Number: 17
%%   1500 ns    Log    PASSED    in interrupthandler_1: ReadBurstFifo,     Received: 00000041   Item Number: 18
%%   1500 ns    Log    PASSED    in interrupthandler_1: ReadBurstFifo,     Received: 00000042   Item Number: 19
%%   1500 ns    Log    PASSED    in interrupthandler_1: ReadBurstFifo,     Received: 00000043   Item Number: 20
%%   1500 ns    Log    INFO      in manager_1,                             Write Data.  WData: 00000050  WStrb: 1111  Operation# 57
%%   1500 ns    Log    INFO      in manager_1,                             Write Address.  AWAddr: A0002000  AWProt: 000  Operation# 15
%%   1510 ns    Log    INFO      in manager_1,                             Write Data.  WData: 00000051  WStrb: 1111  Operation# 58
%%   1510 ns    Log    ALWAYS    in Default,                               IntReq(0) 0    IntReq 00000000000000000000000000000000
%%   1520 ns    Log    INFO      in manager_1,                             Write Data.  WData: 00000052  WStrb: 1111  Operation# 59
%%   1530 ns    Log    INFO      in manager_1,                             Write Data.  WData: 00000053  WStrb: 1111  Operation# 60
%%   1540 ns    Log    ALWAYS    in Default,                               Interrupt Handler Done


%%   1540 ns    Log    INFO      in manager_1,                             Read Address.  ARAddr: 20000000  ARProt: 000  Operation# 14
%%   1550 ns    Log    PASSED    in manager_1: WriteResponse Scoreboard,   Received: 0   Item Number: 15
%%   1560 ns    Log    PASSED    in manager_1: ReadResponse Scoreboard,    Received: 0   Item Number: 53
%%   1570 ns    Log    PASSED    in manager_1: ReadResponse Scoreboard,    Received: 0   Item Number: 54
%%   1580 ns    Log    PASSED    in manager_1: ReadResponse Scoreboard,    Received: 0   Item Number: 55
%%   1590 ns    Log    PASSED    in manager_1: ReadResponse Scoreboard,    Received: 0   Item Number: 56
%%   1590 ns    Log    PASSED    in manager_1: ReadBurstFifo,              Received: 00000044   Item Number: 33
%%   1590 ns    Log    PASSED    in manager_1: ReadBurstFifo,              Received: 00000045   Item Number: 34
%%   1590 ns    Log    PASSED    in manager_1: ReadBurstFifo,              Received: 00000046   Item Number: 35
%%   1590 ns    Log    PASSED    in manager_1: ReadBurstFifo,              Received: 00000047   Item Number: 36
%%   1600 ns    Log    ALWAYS    in Default,                               WaitForClock #1 finished
%%   1610 ns    Log    ALWAYS    in Default,                               WaitForClock #2 finished


%%   1610 ns    Log    ALWAYS    in Default,                               Main Starting Reads.  Loop #4
%%   1610 ns    Log    INFO      in manager_1,                             Read Address.  ARAddr: A0002000  ARProt: 000  Operation# 15
%%   1630 ns    Log    PASSED    in manager_1: ReadResponse Scoreboard,    Received: 0   Item Number: 57
%%   1640 ns    Log    PASSED    in manager_1: ReadResponse Scoreboard,    Received: 0   Item Number: 58
%%   1650 ns    Log    PASSED    in manager_1: ReadResponse Scoreboard,    Received: 0   Item Number: 59
%%   1660 ns    Log    PASSED    in manager_1: ReadResponse Scoreboard,    Received: 0   Item Number: 60
%%   1660 ns    Log    PASSED    in manager_1: ReadBurstFifo,              Received: 00000050   Item Number: 37
%%   1660 ns    Log    PASSED    in manager_1: ReadBurstFifo,              Received: 00000051   Item Number: 38
%%   1660 ns    Log    PASSED    in manager_1: ReadBurstFifo,              Received: 00000052   Item Number: 39
%%   1660 ns    Log    PASSED    in manager_1: ReadBurstFifo,              Received: 00000053   Item Number: 40


%%   1660 ns    Log    ALWAYS    in Default,                               Main Starting Writes.  Loop #5
%%   1660 ns    Log    INFO      in manager_1,                             Write Data.  WData: 00000050  WStrb: 1111  Operation# 61
%%   1660 ns    Log    INFO      in manager_1,                             Write Address.  AWAddr: 10000000  AWProt: 000  Operation# 16
%%   1670 ns    Log    INFO      in manager_1,                             Write Data.  WData: 00000051  WStrb: 1111  Operation# 62
%%   1680 ns    Log    INFO      in manager_1,                             Write Data.  WData: 00000052  WStrb: 1111  Operation# 63
%%   1690 ns    Log    INFO      in manager_1,                             Write Data.  WData: 00000053  WStrb: 1111  Operation# 64
%%   1710 ns    Log    PASSED    in manager_1: WriteResponse Scoreboard,   Received: 0   Item Number: 16
%%   1710 ns    Log    INFO      in manager_1,                             Write Data.  WData: 00000054  WStrb: 1111  Operation# 65
%%   1710 ns    Log    INFO      in manager_1,                             Write Address.  AWAddr: 20000000  AWProt: 000  Operation# 17
%%   1720 ns    Log    INFO      in manager_1,                             Write Data.  WData: 00000055  WStrb: 1111  Operation# 66
%%   1730 ns    Log    INFO      in manager_1,                             Write Data.  WData: 00000056  WStrb: 1111  Operation# 67
%%   1740 ns    Log    INFO      in manager_1,                             Write Data.  WData: 00000057  WStrb: 1111  Operation# 68
%%   1750 ns    Log    INFO      in manager_1,                             Read Address.  ARAddr: 20000000  ARProt: 000  Operation# 16
%%   1755 ns    Log    ALWAYS    in Default,                               IntReq(0) 1    IntReq 00000000000000000000000000000001
%%   1760 ns    Log    PASSED    in manager_1: WriteResponse Scoreboard,   Received: 0   Item Number: 17
%%   1770 ns    Log    PASSED    in manager_1: ReadResponse Scoreboard,    Received: 0   Item Number: 61
%%   1780 ns    Log    PASSED    in manager_1: ReadResponse Scoreboard,    Received: 0   Item Number: 62
%%   1790 ns    Log    PASSED    in manager_1: ReadResponse Scoreboard,    Received: 0   Item Number: 63
%%   1800 ns    Log    PASSED    in manager_1: ReadResponse Scoreboard,    Received: 0   Item Number: 64
%%   1800 ns    Log    PASSED    in manager_1: ReadBurstFifo,              Received: 00000054   Item Number: 41
%%   1800 ns    Log    PASSED    in manager_1: ReadBurstFifo,              Received: 00000055   Item Number: 42
%%   1800 ns    Log    PASSED    in manager_1: ReadBurstFifo,              Received: 00000056   Item Number: 43
%%   1800 ns    Log    PASSED    in manager_1: ReadBurstFifo,              Received: 00000057   Item Number: 44


%%   1810 ns    Log    ALWAYS    in Default,                               Interrupt Handler Started
%%   1810 ns    Log    INFO      in manager_1,                             Read Address.  ARAddr: 10000000  ARProt: 000  Operation# 17
%%   1830 ns    Log    PASSED    in manager_1: ReadResponse Scoreboard,    Received: 0   Item Number: 65
%%   1830 ns    Log    ALWAYS    in Default,                               IntReq(0) 0    IntReq 00000000000000000000000000000000
%%   1840 ns    Log    PASSED    in manager_1: ReadResponse Scoreboard,    Received: 0   Item Number: 66
%%   1850 ns    Log    PASSED    in manager_1: ReadResponse Scoreboard,    Received: 0   Item Number: 67
%%   1860 ns    Log    PASSED    in manager_1: ReadResponse Scoreboard,    Received: 0   Item Number: 68
%%   1860 ns    Log    PASSED    in interrupthandler_1: ReadBurstFifo,     Received: 00000050   Item Number: 21
%%   1860 ns    Log    PASSED    in interrupthandler_1: ReadBurstFifo,     Received: 00000051   Item Number: 22
%%   1860 ns    Log    PASSED    in interrupthandler_1: ReadBurstFifo,     Received: 00000052   Item Number: 23
%%   1860 ns    Log    PASSED    in interrupthandler_1: ReadBurstFifo,     Received: 00000053   Item Number: 24
%%   1860 ns    Log    INFO      in manager_1,                             Write Data.  WData: 00000060  WStrb: 1111  Operation# 69
%%   1860 ns    Log    INFO      in manager_1,                             Write Address.  AWAddr: A0002000  AWProt: 000  Operation# 18
%%   1870 ns    Log    INFO      in manager_1,                             Write Data.  WData: 00000061  WStrb: 1111  Operation# 70
%%   1880 ns    Log    INFO      in manager_1,                             Write Data.  WData: 00000062  WStrb: 1111  Operation# 71
%%   1890 ns    Log    INFO      in manager_1,                             Write Data.  WData: 00000063  WStrb: 1111  Operation# 72
%%   1900 ns    Log    ALWAYS    in Default,                               Interrupt Handler Done


%%   1910 ns    Log    PASSED    in manager_1: WriteResponse Scoreboard,   Received: 0   Item Number: 18
%%   1910 ns    Log    ALWAYS    in Default,                               WaitForClock #1 finished
%%   1920 ns    Log    ALWAYS    in Default,                               WaitForClock #2 finished


%%   1920 ns    Log    ALWAYS    in Default,                               Main Starting Reads.  Loop #5
%%   1920 ns    Log    INFO      in manager_1,                             Read Address.  ARAddr: A0002000  ARProt: 000  Operation# 18
%%   1940 ns    Log    PASSED    in manager_1: ReadResponse Scoreboard,    Received: 0   Item Number: 69
%%   1950 ns    Log    PASSED    in manager_1: ReadResponse Scoreboard,    Received: 0   Item Number: 70
%%   1960 ns    Log    PASSED    in manager_1: ReadResponse Scoreboard,    Received: 0   Item Number: 71
%%   1970 ns    Log    PASSED    in manager_1: ReadResponse Scoreboard,    Received: 0   Item Number: 72
%%   1970 ns    Log    PASSED    in manager_1: ReadBurstFifo,              Received: 00000060   Item Number: 45
%%   1970 ns    Log    PASSED    in manager_1: ReadBurstFifo,              Received: 00000061   Item Number: 46
%%   1970 ns    Log    PASSED    in manager_1: ReadBurstFifo,              Received: 00000062   Item Number: 47
%%   1970 ns    Log    PASSED    in manager_1: ReadBurstFifo,              Received: 00000063   Item Number: 48


%%   1970 ns    Log    ALWAYS    in Default,                               Main Starting Writes.  Loop #6
%%   1970 ns    Log    INFO      in manager_1,                             Write Data.  WData: 00000060  WStrb: 1111  Operation# 73
%%   1970 ns    Log    INFO      in manager_1,                             Write Address.  AWAddr: 10000000  AWProt: 000  Operation# 19
%%   1980 ns    Log    INFO      in manager_1,                             Write Data.  WData: 00000061  WStrb: 1111  Operation# 74
%%   1990 ns    Log    INFO      in manager_1,                             Write Data.  WData: 00000062  WStrb: 1111  Operation# 75
%%   2000 ns    Log    INFO      in manager_1,                             Write Data.  WData: 00000063  WStrb: 1111  Operation# 76
%%   2020 ns    Log    PASSED    in manager_1: WriteResponse Scoreboard,   Received: 0   Item Number: 19
%%   2020 ns    Log    INFO      in manager_1,                             Write Data.  WData: 00000064  WStrb: 1111  Operation# 77
%%   2020 ns    Log    INFO      in manager_1,                             Write Address.  AWAddr: 20000000  AWProt: 000  Operation# 20
%%   2030 ns    Log    INFO      in manager_1,                             Write Data.  WData: 00000065  WStrb: 1111  Operation# 78
%%   2040 ns    Log    INFO      in manager_1,                             Write Data.  WData: 00000066  WStrb: 1111  Operation# 79
%%   2050 ns    Log    INFO      in manager_1,                             Write Data.  WData: 00000067  WStrb: 1111  Operation# 80
%%   2060 ns    Log    INFO      in manager_1,                             Read Address.  ARAddr: 20000000  ARProt: 000  Operation# 19
%%   2070 ns    Log    PASSED    in manager_1: WriteResponse Scoreboard,   Received: 0   Item Number: 20
%%   2075 ns    Log    ALWAYS    in Default,                               IntReq(0) 1    IntReq 00000000000000000000000000000001
%%   2080 ns    Log    PASSED    in manager_1: ReadResponse Scoreboard,    Received: 0   Item Number: 73
%%   2090 ns    Log    PASSED    in manager_1: ReadResponse Scoreboard,    Received: 0   Item Number: 74
%%   2100 ns    Log    PASSED    in manager_1: ReadResponse Scoreboard,    Received: 0   Item Number: 75
%%   2110 ns    Log    PASSED    in manager_1: ReadResponse Scoreboard,    Received: 0   Item Number: 76
%%   2110 ns    Log    PASSED    in manager_1: ReadBurstFifo,              Received: 00000064   Item Number: 49
%%   2110 ns    Log    PASSED    in manager_1: ReadBurstFifo,              Received: 00000065   Item Number: 50
%%   2110 ns    Log    PASSED    in manager_1: ReadBurstFifo,              Received: 00000066   Item Number: 51
%%   2110 ns    Log    PASSED    in manager_1: ReadBurstFifo,              Received: 00000067   Item Number: 52


%%   2120 ns    Log    ALWAYS    in Default,                               Interrupt Handler Started
%%   2120 ns    Log    INFO      in manager_1,                             Read Address.  ARAddr: 10000000  ARProt: 000  Operation# 20
%%   2140 ns    Log    PASSED    in manager_1: ReadResponse Scoreboard,    Received: 0   Item Number: 77
%%   2150 ns    Log    PASSED    in manager_1: ReadResponse Scoreboard,    Received: 0   Item Number: 78
%%   2150 ns    Log    ALWAYS    in Default,                               IntReq(0) 0    IntReq 00000000000000000000000000000000
%%   2160 ns    Log    PASSED    in manager_1: ReadResponse Scoreboard,    Received: 0   Item Number: 79
%%   2170 ns    Log    PASSED    in manager_1: ReadResponse Scoreboard,    Received: 0   Item Number: 80
%%   2170 ns    Log    PASSED    in interrupthandler_1: ReadBurstFifo,     Received: 00000060   Item Number: 25
%%   2170 ns    Log    PASSED    in interrupthandler_1: ReadBurstFifo,     Received: 00000061   Item Number: 26
%%   2170 ns    Log    PASSED    in interrupthandler_1: ReadBurstFifo,     Received: 00000062   Item Number: 27
%%   2170 ns    Log    PASSED    in interrupthandler_1: ReadBurstFifo,     Received: 00000063   Item Number: 28
%%   2170 ns    Log    INFO      in manager_1,                             Write Data.  WData: 00000070  WStrb: 1111  Operation# 81
%%   2170 ns    Log    INFO      in manager_1,                             Write Address.  AWAddr: A0002000  AWProt: 000  Operation# 21
%%   2180 ns    Log    INFO      in manager_1,                             Write Data.  WData: 00000071  WStrb: 1111  Operation# 82
%%   2190 ns    Log    INFO      in manager_1,                             Write Data.  WData: 00000072  WStrb: 1111  Operation# 83
%%   2200 ns    Log    INFO      in manager_1,                             Write Data.  WData: 00000073  WStrb: 1111  Operation# 84
%%   2210 ns    Log    ALWAYS    in Default,                               Interrupt Handler Done


%%   2220 ns    Log    PASSED    in manager_1: WriteResponse Scoreboard,   Received: 0   Item Number: 21
%%   2220 ns    Log    ALWAYS    in Default,                               WaitForClock #1 finished
%%   2230 ns    Log    ALWAYS    in Default,                               WaitForClock #2 finished


%%   2230 ns    Log    ALWAYS    in Default,                               Main Starting Reads.  Loop #6
%%   2230 ns    Log    INFO      in manager_1,                             Read Address.  ARAddr: A0002000  ARProt: 000  Operation# 21
%%   2250 ns    Log    PASSED    in manager_1: ReadResponse Scoreboard,    Received: 0   Item Number: 81
%%   2260 ns    Log    PASSED    in manager_1: ReadResponse Scoreboard,    Received: 0   Item Number: 82
%%   2270 ns    Log    PASSED    in manager_1: ReadResponse Scoreboard,    Received: 0   Item Number: 83
%%   2280 ns    Log    PASSED    in manager_1: ReadResponse Scoreboard,    Received: 0   Item Number: 84
%%   2280 ns    Log    PASSED    in manager_1: ReadBurstFifo,              Received: 00000070   Item Number: 53
%%   2280 ns    Log    PASSED    in manager_1: ReadBurstFifo,              Received: 00000071   Item Number: 54
%%   2280 ns    Log    PASSED    in manager_1: ReadBurstFifo,              Received: 00000072   Item Number: 55
%%   2280 ns    Log    PASSED    in manager_1: ReadBurstFifo,              Received: 00000073   Item Number: 56


%%   2280 ns    Log    ALWAYS    in Default,                               Main Starting Writes.  Loop #7
%%   2280 ns    Log    INFO      in manager_1,                             Write Data.  WData: 00000070  WStrb: 1111  Operation# 85
%%   2280 ns    Log    INFO      in manager_1,                             Write Address.  AWAddr: 10000000  AWProt: 000  Operation# 22
%%   2290 ns    Log    INFO      in manager_1,                             Write Data.  WData: 00000071  WStrb: 1111  Operation# 86
%%   2300 ns    Log    INFO      in manager_1,                             Write Data.  WData: 00000072  WStrb: 1111  Operation# 87
%%   2310 ns    Log    INFO      in manager_1,                             Write Data.  WData: 00000073  WStrb: 1111  Operation# 88
%%   2330 ns    Log    PASSED    in manager_1: WriteResponse Scoreboard,   Received: 0   Item Number: 22
%%   2330 ns    Log    INFO      in manager_1,                             Write Data.  WData: 00000074  WStrb: 1111  Operation# 89
%%   2330 ns    Log    INFO      in manager_1,                             Write Address.  AWAddr: 20000000  AWProt: 000  Operation# 23
%%   2340 ns    Log    INFO      in manager_1,                             Write Data.  WData: 00000075  WStrb: 1111  Operation# 90
%%   2350 ns    Log    INFO      in manager_1,                             Write Data.  WData: 00000076  WStrb: 1111  Operation# 91
%%   2360 ns    Log    INFO      in manager_1,                             Write Data.  WData: 00000077  WStrb: 1111  Operation# 92
%%   2370 ns    Log    INFO      in manager_1,                             Read Address.  ARAddr: 20000000  ARProt: 000  Operation# 22
%%   2380 ns    Log    PASSED    in manager_1: WriteResponse Scoreboard,   Received: 0   Item Number: 23
%%   2390 ns    Log    PASSED    in manager_1: ReadResponse Scoreboard,    Received: 0   Item Number: 85
%%   2395 ns    Log    ALWAYS    in Default,                               IntReq(0) 1    IntReq 00000000000000000000000000000001
%%   2400 ns    Log    PASSED    in manager_1: ReadResponse Scoreboard,    Received: 0   Item Number: 86
%%   2410 ns    Log    PASSED    in manager_1: ReadResponse Scoreboard,    Received: 0   Item Number: 87
%%   2420 ns    Log    PASSED    in manager_1: ReadResponse Scoreboard,    Received: 0   Item Number: 88
%%   2420 ns    Log    PASSED    in manager_1: ReadBurstFifo,              Received: 00000074   Item Number: 57
%%   2420 ns    Log    PASSED    in manager_1: ReadBurstFifo,              Received: 00000075   Item Number: 58
%%   2420 ns    Log    PASSED    in manager_1: ReadBurstFifo,              Received: 00000076   Item Number: 59
%%   2420 ns    Log    PASSED    in manager_1: ReadBurstFifo,              Received: 00000077   Item Number: 60


%%   2430 ns    Log    ALWAYS    in Default,                               Interrupt Handler Started
%%   2430 ns    Log    INFO      in manager_1,                             Read Address.  ARAddr: 10000000  ARProt: 000  Operation# 23
%%   2450 ns    Log    PASSED    in manager_1: ReadResponse Scoreboard,    Received: 0   Item Number: 89
%%   2460 ns    Log    PASSED    in manager_1: ReadResponse Scoreboard,    Received: 0   Item Number: 90
%%   2470 ns    Log    PASSED    in manager_1: ReadResponse Scoreboard,    Received: 0   Item Number: 91
%%   2470 ns    Log    ALWAYS    in Default,                               IntReq(0) 0    IntReq 00000000000000000000000000000000
%%   2480 ns    Log    PASSED    in manager_1: ReadResponse Scoreboard,    Received: 0   Item Number: 92
%%   2480 ns    Log    PASSED    in interrupthandler_1: ReadBurstFifo,     Received: 00000070   Item Number: 29
%%   2480 ns    Log    PASSED    in interrupthandler_1: ReadBurstFifo,     Received: 00000071   Item Number: 30
%%   2480 ns    Log    PASSED    in interrupthandler_1: ReadBurstFifo,     Received: 00000072   Item Number: 31
%%   2480 ns    Log    PASSED    in interrupthandler_1: ReadBurstFifo,     Received: 00000073   Item Number: 32
%%   2480 ns    Log    INFO      in manager_1,                             Write Data.  WData: 00000080  WStrb: 1111  Operation# 93
%%   2480 ns    Log    INFO      in manager_1,                             Write Address.  AWAddr: A0002000  AWProt: 000  Operation# 24
%%   2490 ns    Log    INFO      in manager_1,                             Write Data.  WData: 00000081  WStrb: 1111  Operation# 94
%%   2500 ns    Log    INFO      in manager_1,                             Write Data.  WData: 00000082  WStrb: 1111  Operation# 95
%%   2510 ns    Log    INFO      in manager_1,                             Write Data.  WData: 00000083  WStrb: 1111  Operation# 96
%%   2520 ns    Log    ALWAYS    in Default,                               Interrupt Handler Done


%%   2530 ns    Log    PASSED    in manager_1: WriteResponse Scoreboard,   Received: 0   Item Number: 24
%%   2530 ns    Log    ALWAYS    in Default,                               WaitForClock #1 finished
%%   2540 ns    Log    ALWAYS    in Default,                               WaitForClock #2 finished


%%   2540 ns    Log    ALWAYS    in Default,                               Main Starting Reads.  Loop #7
%%   2540 ns    Log    INFO      in manager_1,                             Read Address.  ARAddr: A0002000  ARProt: 000  Operation# 24
%%   2560 ns    Log    PASSED    in manager_1: ReadResponse Scoreboard,    Received: 0   Item Number: 93
%%   2570 ns    Log    PASSED    in manager_1: ReadResponse Scoreboard,    Received: 0   Item Number: 94
%%   2580 ns    Log    PASSED    in manager_1: ReadResponse Scoreboard,    Received: 0   Item Number: 95
%%   2590 ns    Log    PASSED    in manager_1: ReadResponse Scoreboard,    Received: 0   Item Number: 96
%%   2590 ns    Log    PASSED    in manager_1: ReadBurstFifo,              Received: 00000080   Item Number: 61
%%   2590 ns    Log    PASSED    in manager_1: ReadBurstFifo,              Received: 00000081   Item Number: 62
%%   2590 ns    Log    PASSED    in manager_1: ReadBurstFifo,              Received: 00000082   Item Number: 63
%%   2590 ns    Log    PASSED    in manager_1: ReadBurstFifo,              Received: 00000083   Item Number: 64
