

%%    110 ns    Log    ALWAYS    in Default,                               Main Starting Writes.  Loop #0
%%    110 ns    Log    INFO      in manager_1,                             Write Data.  WData: 00000000  WStrb: 1111  Operation# 1
%%    110 ns    Log    INFO      in manager_1,                             Write Address.  AWAddr: 10000000  AWProt: 000  Operation# 1
%%    120 ns    Log    INFO      in manager_1,                             Write Data.  WData: 00000001  WStrb: 1111  Operation# 2
%%    130 ns    Log    INFO      in manager_1,                             Write Data.  WData: 00000002  WStrb: 1111  Operation# 3
%%    140 ns    Log    INFO      in manager_1,                             Write Data.  WData: 00000003  WStrb: 1111  Operation# 4
%%    155 ns    Log    ALWAYS    in Default,                               IntReq(0) 1    IntReq 00000000000000000000000000000001
%%    160 ns    Log    PASSED    in manager_1: WriteResponse Scoreboard,   Received: 0   Item Number: 1


%%    170 ns    Log    ALWAYS    in Default,                               Interrupt Handler Started
%%    170 ns    Log    INFO      in manager_1,                             Read Address.  ARAddr: 10000000  ARProt: 000  Operation# 1
%%    190 ns    Log    PASSED    in manager_1: ReadResponse Scoreboard,    Received: 0   Item Number: 1
%%    200 ns    Log    PASSED    in manager_1: ReadResponse Scoreboard,    Received: 0   Item Number: 2
%%    200 ns    Log    ALWAYS    in Default,                               IntReq(0) 0    IntReq 00000000000000000000000000000000
%%    210 ns    Log    PASSED    in manager_1: ReadResponse Scoreboard,    Received: 0   Item Number: 3
%%    220 ns    Log    PASSED    in manager_1: ReadResponse Scoreboard,    Received: 0   Item Number: 4
%%    220 ns    Log    PASSED    in interrupthandler_1: ReadBurstFifo,     Received: 00000000   Item Number: 1
%%    220 ns    Log    PASSED    in interrupthandler_1: ReadBurstFifo,     Received: 00000001   Item Number: 2
%%    220 ns    Log    PASSED    in interrupthandler_1: ReadBurstFifo,     Received: 00000002   Item Number: 3
%%    220 ns    Log    PASSED    in interrupthandler_1: ReadBurstFifo,     Received: 00000003   Item Number: 4
%%    220 ns    Log    INFO      in manager_1,                             Write Data.  WData: 00000010  WStrb: 1111  Operation# 5
%%    220 ns    Log    INFO      in manager_1,                             Write Address.  AWAddr: A0002000  AWProt: 000  Operation# 2
%%    230 ns    Log    INFO      in manager_1,                             Write Data.  WData: 00000011  WStrb: 1111  Operation# 6
%%    240 ns    Log    INFO      in manager_1,                             Write Data.  WData: 00000012  WStrb: 1111  Operation# 7
%%    250 ns    Log    INFO      in manager_1,                             Write Data.  WData: 00000013  WStrb: 1111  Operation# 8
%%    260 ns    Log    ALWAYS    in Default,                               Interrupt Handler Done


%%    270 ns    Log    PASSED    in manager_1: WriteResponse Scoreboard,   Received: 0   Item Number: 2
%%    270 ns    Log    ALWAYS    in Default,                               WaitForClock #1 finished
%%    280 ns    Log    ALWAYS    in Default,                               WaitForClock #2 finished
%%    290 ns    Log    ALWAYS    in Default,                               WaitForClock #3 finished
%%    300 ns    Log    ALWAYS    in Default,                               WaitForClock #4 finished


%%    300 ns    Log    ALWAYS    in Default,                               Main Starting Reads.  Loop #0
%%    300 ns    Log    INFO      in manager_1,                             Read Address.  ARAddr: A0002000  ARProt: 000  Operation# 2
%%    320 ns    Log    PASSED    in manager_1: ReadResponse Scoreboard,    Received: 0   Item Number: 5
%%    330 ns    Log    PASSED    in manager_1: ReadResponse Scoreboard,    Received: 0   Item Number: 6
%%    340 ns    Log    PASSED    in manager_1: ReadResponse Scoreboard,    Received: 0   Item Number: 7
%%    350 ns    Log    PASSED    in manager_1: ReadResponse Scoreboard,    Received: 0   Item Number: 8
%%    350 ns    Log    PASSED    in manager_1: ReadBurstFifo,              Received: 00000010   Item Number: 1
%%    350 ns    Log    PASSED    in manager_1: ReadBurstFifo,              Received: 00000011   Item Number: 2
%%    350 ns    Log    PASSED    in manager_1: ReadBurstFifo,              Received: 00000012   Item Number: 3
%%    350 ns    Log    PASSED    in manager_1: ReadBurstFifo,              Received: 00000013   Item Number: 4


%%    350 ns    Log    ALWAYS    in Default,                               Main Starting Writes.  Loop #1
%%    350 ns    Log    INFO      in manager_1,                             Write Data.  WData: 00000010  WStrb: 1111  Operation# 9
%%    350 ns    Log    INFO      in manager_1,                             Write Address.  AWAddr: 10000000  AWProt: 000  Operation# 3
%%    360 ns    Log    INFO      in manager_1,                             Write Data.  WData: 00000011  WStrb: 1111  Operation# 10
%%    370 ns    Log    INFO      in manager_1,                             Write Data.  WData: 00000012  WStrb: 1111  Operation# 11
%%    380 ns    Log    INFO      in manager_1,                             Write Data.  WData: 00000013  WStrb: 1111  Operation# 12
%%    400 ns    Log    PASSED    in manager_1: WriteResponse Scoreboard,   Received: 0   Item Number: 3
%%    405 ns    Log    ALWAYS    in Default,                               IntReq(0) 1    IntReq 00000000000000000000000000000001
%%    410 ns    Log    ALWAYS    in Default,                               WaitForClock #1 finished


%%    420 ns    Log    ALWAYS    in Default,                               Interrupt Handler Started
%%    420 ns    Log    INFO      in manager_1,                             Read Address.  ARAddr: 10000000  ARProt: 000  Operation# 3
%%    440 ns    Log    PASSED    in manager_1: ReadResponse Scoreboard,    Received: 0   Item Number: 9
%%    450 ns    Log    PASSED    in manager_1: ReadResponse Scoreboard,    Received: 0   Item Number: 10
%%    450 ns    Log    ALWAYS    in Default,                               IntReq(0) 0    IntReq 00000000000000000000000000000000
%%    460 ns    Log    PASSED    in manager_1: ReadResponse Scoreboard,    Received: 0   Item Number: 11
%%    470 ns    Log    PASSED    in manager_1: ReadResponse Scoreboard,    Received: 0   Item Number: 12
%%    470 ns    Log    PASSED    in interrupthandler_1: ReadBurstFifo,     Received: 00000010   Item Number: 5
%%    470 ns    Log    PASSED    in interrupthandler_1: ReadBurstFifo,     Received: 00000011   Item Number: 6
%%    470 ns    Log    PASSED    in interrupthandler_1: ReadBurstFifo,     Received: 00000012   Item Number: 7
%%    470 ns    Log    PASSED    in interrupthandler_1: ReadBurstFifo,     Received: 00000013   Item Number: 8
%%    470 ns    Log    INFO      in manager_1,                             Write Data.  WData: 00000020  WStrb: 1111  Operation# 13
%%    470 ns    Log    INFO      in manager_1,                             Write Address.  AWAddr: A0002000  AWProt: 000  Operation# 4
%%    480 ns    Log    INFO      in manager_1,                             Write Data.  WData: 00000021  WStrb: 1111  Operation# 14
%%    490 ns    Log    INFO      in manager_1,                             Write Data.  WData: 00000022  WStrb: 1111  Operation# 15
%%    500 ns    Log    INFO      in manager_1,                             Write Data.  WData: 00000023  WStrb: 1111  Operation# 16
%%    510 ns    Log    ALWAYS    in Default,                               Interrupt Handler Done


%%    520 ns    Log    PASSED    in manager_1: WriteResponse Scoreboard,   Received: 0   Item Number: 4
%%    520 ns    Log    ALWAYS    in Default,                               WaitForClock #2 finished
%%    530 ns    Log    ALWAYS    in Default,                               WaitForClock #3 finished
%%    540 ns    Log    ALWAYS    in Default,                               WaitForClock #4 finished


%%    540 ns    Log    ALWAYS    in Default,                               Main Starting Reads.  Loop #1
%%    540 ns    Log    INFO      in manager_1,                             Read Address.  ARAddr: A0002000  ARProt: 000  Operation# 4
%%    560 ns    Log    PASSED    in manager_1: ReadResponse Scoreboard,    Received: 0   Item Number: 13
%%    570 ns    Log    PASSED    in manager_1: ReadResponse Scoreboard,    Received: 0   Item Number: 14
%%    580 ns    Log    PASSED    in manager_1: ReadResponse Scoreboard,    Received: 0   Item Number: 15
%%    590 ns    Log    PASSED    in manager_1: ReadResponse Scoreboard,    Received: 0   Item Number: 16
%%    590 ns    Log    PASSED    in manager_1: ReadBurstFifo,              Received: 00000020   Item Number: 5
%%    590 ns    Log    PASSED    in manager_1: ReadBurstFifo,              Received: 00000021   Item Number: 6
%%    590 ns    Log    PASSED    in manager_1: ReadBurstFifo,              Received: 00000022   Item Number: 7
%%    590 ns    Log    PASSED    in manager_1: ReadBurstFifo,              Received: 00000023   Item Number: 8


%%    590 ns    Log    ALWAYS    in Default,                               Main Starting Writes.  Loop #2
%%    590 ns    Log    INFO      in manager_1,                             Write Data.  WData: 00000020  WStrb: 1111  Operation# 17
%%    590 ns    Log    INFO      in manager_1,                             Write Address.  AWAddr: 10000000  AWProt: 000  Operation# 5
%%    600 ns    Log    INFO      in manager_1,                             Write Data.  WData: 00000021  WStrb: 1111  Operation# 18
%%    610 ns    Log    INFO      in manager_1,                             Write Data.  WData: 00000022  WStrb: 1111  Operation# 19
%%    620 ns    Log    INFO      in manager_1,                             Write Data.  WData: 00000023  WStrb: 1111  Operation# 20
%%    640 ns    Log    PASSED    in manager_1: WriteResponse Scoreboard,   Received: 0   Item Number: 5
%%    650 ns    Log    ALWAYS    in Default,                               WaitForClock #1 finished
%%    655 ns    Log    ALWAYS    in Default,                               IntReq(0) 1    IntReq 00000000000000000000000000000001
%%    660 ns    Log    ALWAYS    in Default,                               WaitForClock #2 finished


%%    670 ns    Log    ALWAYS    in Default,                               Interrupt Handler Started
%%    670 ns    Log    INFO      in manager_1,                             Read Address.  ARAddr: 10000000  ARProt: 000  Operation# 5
%%    690 ns    Log    PASSED    in manager_1: ReadResponse Scoreboard,    Received: 0   Item Number: 17
%%    700 ns    Log    PASSED    in manager_1: ReadResponse Scoreboard,    Received: 0   Item Number: 18
%%    700 ns    Log    ALWAYS    in Default,                               IntReq(0) 0    IntReq 00000000000000000000000000000000
%%    710 ns    Log    PASSED    in manager_1: ReadResponse Scoreboard,    Received: 0   Item Number: 19
%%    720 ns    Log    PASSED    in manager_1: ReadResponse Scoreboard,    Received: 0   Item Number: 20
%%    720 ns    Log    PASSED    in interrupthandler_1: ReadBurstFifo,     Received: 00000020   Item Number: 9
%%    720 ns    Log    PASSED    in interrupthandler_1: ReadBurstFifo,     Received: 00000021   Item Number: 10
%%    720 ns    Log    PASSED    in interrupthandler_1: ReadBurstFifo,     Received: 00000022   Item Number: 11
%%    720 ns    Log    PASSED    in interrupthandler_1: ReadBurstFifo,     Received: 00000023   Item Number: 12
%%    720 ns    Log    INFO      in manager_1,                             Write Data.  WData: 00000030  WStrb: 1111  Operation# 21
%%    720 ns    Log    INFO      in manager_1,                             Write Address.  AWAddr: A0002000  AWProt: 000  Operation# 6
%%    730 ns    Log    INFO      in manager_1,                             Write Data.  WData: 00000031  WStrb: 1111  Operation# 22
%%    740 ns    Log    INFO      in manager_1,                             Write Data.  WData: 00000032  WStrb: 1111  Operation# 23
%%    750 ns    Log    INFO      in manager_1,                             Write Data.  WData: 00000033  WStrb: 1111  Operation# 24
%%    760 ns    Log    ALWAYS    in Default,                               Interrupt Handler Done


%%    770 ns    Log    PASSED    in manager_1: WriteResponse Scoreboard,   Received: 0   Item Number: 6
%%    770 ns    Log    ALWAYS    in Default,                               WaitForClock #3 finished
%%    780 ns    Log    ALWAYS    in Default,                               WaitForClock #4 finished


%%    780 ns    Log    ALWAYS    in Default,                               Main Starting Reads.  Loop #2
%%    780 ns    Log    INFO      in manager_1,                             Read Address.  ARAddr: A0002000  ARProt: 000  Operation# 6
%%    800 ns    Log    PASSED    in manager_1: ReadResponse Scoreboard,    Received: 0   Item Number: 21
%%    810 ns    Log    PASSED    in manager_1: ReadResponse Scoreboard,    Received: 0   Item Number: 22
%%    820 ns    Log    PASSED    in manager_1: ReadResponse Scoreboard,    Received: 0   Item Number: 23
%%    830 ns    Log    PASSED    in manager_1: ReadResponse Scoreboard,    Received: 0   Item Number: 24
%%    830 ns    Log    PASSED    in manager_1: ReadBurstFifo,              Received: 00000030   Item Number: 9
%%    830 ns    Log    PASSED    in manager_1: ReadBurstFifo,              Received: 00000031   Item Number: 10
%%    830 ns    Log    PASSED    in manager_1: ReadBurstFifo,              Received: 00000032   Item Number: 11
%%    830 ns    Log    PASSED    in manager_1: ReadBurstFifo,              Received: 00000033   Item Number: 12


%%    830 ns    Log    ALWAYS    in Default,                               Main Starting Writes.  Loop #3
%%    830 ns    Log    INFO      in manager_1,                             Write Data.  WData: 00000030  WStrb: 1111  Operation# 25
%%    830 ns    Log    INFO      in manager_1,                             Write Address.  AWAddr: 10000000  AWProt: 000  Operation# 7
%%    840 ns    Log    INFO      in manager_1,                             Write Data.  WData: 00000031  WStrb: 1111  Operation# 26
%%    850 ns    Log    INFO      in manager_1,                             Write Data.  WData: 00000032  WStrb: 1111  Operation# 27
%%    860 ns    Log    INFO      in manager_1,                             Write Data.  WData: 00000033  WStrb: 1111  Operation# 28
%%    880 ns    Log    PASSED    in manager_1: WriteResponse Scoreboard,   Received: 0   Item Number: 7
%%    890 ns    Log    ALWAYS    in Default,                               WaitForClock #1 finished
%%    900 ns    Log    ALWAYS    in Default,                               WaitForClock #2 finished
%%    905 ns    Log    ALWAYS    in Default,                               IntReq(0) 1    IntReq 00000000000000000000000000000001
%%    910 ns    Log    ALWAYS    in Default,                               WaitForClock #3 finished


%%    920 ns    Log    ALWAYS    in Default,                               Interrupt Handler Started
%%    920 ns    Log    INFO      in manager_1,                             Read Address.  ARAddr: 10000000  ARProt: 000  Operation# 7
%%    940 ns    Log    PASSED    in manager_1: ReadResponse Scoreboard,    Received: 0   Item Number: 25
%%    950 ns    Log    PASSED    in manager_1: ReadResponse Scoreboard,    Received: 0   Item Number: 26
%%    950 ns    Log    ALWAYS    in Default,                               IntReq(0) 0    IntReq 00000000000000000000000000000000
%%    960 ns    Log    PASSED    in manager_1: ReadResponse Scoreboard,    Received: 0   Item Number: 27
%%    970 ns    Log    PASSED    in manager_1: ReadResponse Scoreboard,    Received: 0   Item Number: 28
%%    970 ns    Log    PASSED    in interrupthandler_1: ReadBurstFifo,     Received: 00000030   Item Number: 13
%%    970 ns    Log    PASSED    in interrupthandler_1: ReadBurstFifo,     Received: 00000031   Item Number: 14
%%    970 ns    Log    PASSED    in interrupthandler_1: ReadBurstFifo,     Received: 00000032   Item Number: 15
%%    970 ns    Log    PASSED    in interrupthandler_1: ReadBurstFifo,     Received: 00000033   Item Number: 16
%%    970 ns    Log    INFO      in manager_1,                             Write Data.  WData: 00000040  WStrb: 1111  Operation# 29
%%    970 ns    Log    INFO      in manager_1,                             Write Address.  AWAddr: A0002000  AWProt: 000  Operation# 8
%%    980 ns    Log    INFO      in manager_1,                             Write Data.  WData: 00000041  WStrb: 1111  Operation# 30
%%    990 ns    Log    INFO      in manager_1,                             Write Data.  WData: 00000042  WStrb: 1111  Operation# 31
%%   1000 ns    Log    INFO      in manager_1,                             Write Data.  WData: 00000043  WStrb: 1111  Operation# 32
%%   1010 ns    Log    ALWAYS    in Default,                               Interrupt Handler Done


%%   1020 ns    Log    PASSED    in manager_1: WriteResponse Scoreboard,   Received: 0   Item Number: 8
%%   1020 ns    Log    ALWAYS    in Default,                               WaitForClock #4 finished


%%   1020 ns    Log    ALWAYS    in Default,                               Main Starting Reads.  Loop #3
%%   1020 ns    Log    INFO      in manager_1,                             Read Address.  ARAddr: A0002000  ARProt: 000  Operation# 8
%%   1040 ns    Log    PASSED    in manager_1: ReadResponse Scoreboard,    Received: 0   Item Number: 29
%%   1050 ns    Log    PASSED    in manager_1: ReadResponse Scoreboard,    Received: 0   Item Number: 30
%%   1060 ns    Log    PASSED    in manager_1: ReadResponse Scoreboard,    Received: 0   Item Number: 31
%%   1070 ns    Log    PASSED    in manager_1: ReadResponse Scoreboard,    Received: 0   Item Number: 32
%%   1070 ns    Log    PASSED    in manager_1: ReadBurstFifo,              Received: 00000040   Item Number: 13
%%   1070 ns    Log    PASSED    in manager_1: ReadBurstFifo,              Received: 00000041   Item Number: 14
%%   1070 ns    Log    PASSED    in manager_1: ReadBurstFifo,              Received: 00000042   Item Number: 15
%%   1070 ns    Log    PASSED    in manager_1: ReadBurstFifo,              Received: 00000043   Item Number: 16
